TN:
SF:.core-dist/action-lifecycle.js
FN:3,actionExpiry
FN:6,canConfirmAction
FN:9,canUndoAction
FNF:3
FNH:3
FNDA:1,actionExpiry
FNDA:2,canConfirmAction
FNDA:3,canUndoAction
DA:1,1
DA:2,1
DA:3,1
DA:4,1
DA:5,1
DA:6,1
DA:7,2
DA:8,2
DA:9,1
DA:10,3
DA:11,3
LF:11
LH:11
BRDA:1,0,0,1
BRDA:3,1,0,1
BRDA:6,2,0,2
BRDA:9,3,0,3
BRDA:10,4,0,2
BRDA:10,5,0,1
BRF:6
BRH:6
end_of_record
TN:
SF:.core-dist/ai-actions.js
FN:5,disposition
FN:10,alwaysConfirm
FN:32,groupDisposition
FN:36,isUndoable
FN:40,actionTarget
FN:60,normalizeTitle
FN:71,answersProposal
FNF:7
FNH:4
FNDA:44,disposition
FNDA:44,alwaysConfirm
FNDA:3,groupDisposition
FNDA:2,isUndoable
FNDA:0,actionTarget
FNDA:0,normalizeTitle
FNDA:0,answersProposal
DA:1,1
DA:2,1
DA:3,1
DA:4,1
DA:5,1
DA:6,44
DA:7,44
DA:8,44
DA:9,44
DA:10,44
DA:11,44
DA:12,44
DA:13,8
DA:14,44
DA:15,3
DA:16,44
DA:17,5
DA:18,44
DA:19,9
DA:20,44
DA:21,5
DA:22,44
DA:23,5
DA:24,44
DA:25,5
DA:26,44
DA:27,44
DA:28,4
DA:29,44
DA:30,44
DA:31,1
DA:32,1
DA:33,3
DA:34,3
DA:35,1
DA:36,1
DA:37,2
DA:38,2
DA:39,1
DA:40,0
DA:41,0
DA:42,0
DA:43,0
DA:44,0
DA:45,0
DA:46,0
DA:47,0
DA:48,0
DA:49,0
DA:50,0
DA:51,0
DA:52,0
DA:53,0
DA:54,0
DA:55,0
DA:56,0
DA:57,0
DA:58,0
DA:59,0
DA:60,0
DA:61,0
DA:62,0
DA:63,0
DA:64,0
DA:65,0
DA:66,0
DA:67,1
DA:68,1
DA:69,1
DA:70,1
DA:71,1
DA:72,0
DA:73,0
DA:74,0
LF:74
LH:44
BRDA:1,0,0,1
BRDA:5,1,0,44
BRDA:7,2,0,14
BRDA:8,3,0,30
BRDA:8,4,0,17
BRDA:8,5,0,13
BRDA:10,6,0,44
BRDA:12,7,0,8
BRDA:13,8,0,7
BRDA:13,9,0,6
BRDA:13,10,0,1
BRDA:14,11,0,3
BRDA:16,12,0,5
BRDA:17,13,0,4
BRDA:17,14,0,2
BRDA:18,15,0,9
BRDA:19,16,0,7
BRDA:20,17,0,5
BRDA:21,18,0,3
BRDA:22,19,0,5
BRDA:23,20,0,1
BRDA:24,21,0,5
BRDA:25,22,0,3
BRDA:26,23,0,2
BRDA:27,24,0,4
BRDA:15,25,0,4
BRDA:15,26,0,3
BRDA:15,27,0,3
BRDA:15,28,0,0
BRDA:32,29,0,3
BRDA:33,30,0,1
BRDA:33,31,0,2
BRDA:33,32,0,4
BRDA:36,33,0,2
BRDA:37,34,0,3
BRF:35
BRH:34
end_of_record
TN:
SF:.core-dist/ai-history.js
FN:9,budgetHistory
FNF:1
FNH:1
FNDA:2,budgetHistory
DA:1,1
DA:2,1
DA:3,1
DA:4,1
DA:5,1
DA:6,1
DA:7,1
DA:8,1
DA:9,1
DA:10,2
DA:11,11
DA:12,11
DA:13,2
DA:14,2
DA:15,2
DA:16,2
DA:17,6
DA:18,6
DA:19,6
DA:20,2
DA:21,2
LF:21
LH:21
BRDA:1,0,0,1
BRDA:9,1,0,2
BRDA:16,2,0,6
BRDA:16,3,0,6
BRDA:10,4,0,11
BRDA:12,5,0,10
BRDA:12,6,0,1
BRDA:14,7,0,11
BRF:8
BRH:8
end_of_record
TN:
SF:.core-dist/ai-refs.js
FN:4,assignShortIds
FN:7,buildRefMap
FN:8,strip
FN:11,refKindOf
FNF:4
FNH:3
FNDA:18,assignShortIds
FNDA:6,buildRefMap
FNDA:18,strip
FNDA:0,refKindOf
DA:1,1
DA:2,1
DA:3,1
DA:4,1
DA:5,18
DA:6,18
DA:7,1
DA:8,6
DA:9,6
DA:10,6
DA:11,1
DA:12,0
DA:13,0
DA:14,0
DA:15,0
DA:16,0
DA:17,0
DA:18,0
DA:19,0
LF:19
LH:11
BRDA:1,0,0,1
BRDA:4,1,0,18
BRDA:5,2,0,58
BRDA:7,3,0,6
BRDA:8,4,0,18
BRDA:8,5,0,58
BRF:6
BRH:6
end_of_record
TN:
SF:.core-dist/ai-retry-policy.js
FN:7,nextAutomaticAiRetryAt
FN:13,automaticAiRetryLimit
FNF:2
FNH:2
FNDA:3,nextAutomaticAiRetryAt
FNDA:1,automaticAiRetryLimit
DA:1,1
DA:2,1
DA:3,1
DA:4,1
DA:5,1
DA:6,1
DA:7,1
DA:8,3
DA:9,3
DA:10,3
DA:11,3
DA:12,3
DA:13,1
DA:14,1
DA:15,1
LF:15
LH:15
BRDA:1,0,0,1
BRDA:7,1,0,3
BRDA:9,2,0,0
BRDA:11,3,0,1
BRDA:11,4,0,2
BRDA:13,5,0,1
BRF:6
BRH:5
end_of_record
TN:
SF:.core-dist/ai-time-context.js
FN:7,aiTimeContext
FN:19,formatCurrentTimeLine
FNF:2
FNH:2
FNDA:5,aiTimeContext
FNDA:2,formatCurrentTimeLine
DA:1,2
DA:2,2
DA:3,2
DA:4,2
DA:5,2
DA:6,2
DA:7,2
DA:8,5
DA:9,5
DA:10,5
DA:11,5
DA:12,5
DA:13,5
DA:14,5
DA:15,2
DA:16,2
DA:17,2
DA:18,2
DA:19,2
DA:20,2
DA:21,2
DA:22,2
DA:23,2
DA:24,2
LF:24
LH:24
BRDA:1,0,0,2
BRDA:7,1,0,5
BRDA:19,2,0,2
BRF:3
BRH:3
end_of_record
TN:
SF:.core-dist/ai-usage-policy.js
FN:1,estimateAiCostUsd
FN:9,estimateAudioCostUsd
FN:14,aiBurstAllowed
FN:17,shouldWarnMonthlySpend
FNF:4
FNH:4
FNDA:7,estimateAiCostUsd
FNDA:2,estimateAudioCostUsd
FNDA:2,aiBurstAllowed
FNDA:1,shouldWarnMonthlySpend
DA:1,3
DA:2,7
DA:3,7
DA:4,6
DA:5,7
DA:6,7
DA:7,7
DA:8,7
DA:9,3
DA:10,2
DA:11,2
DA:12,1
DA:13,2
DA:14,3
DA:15,2
DA:16,2
DA:17,3
DA:18,1
DA:19,1
LF:19
LH:19
BRDA:1,0,0,3
BRDA:1,1,0,7
BRDA:2,2,0,6
BRDA:3,3,0,1
BRDA:4,4,0,6
BRDA:5,5,0,2
BRDA:9,6,0,2
BRDA:11,7,0,1
BRDA:14,8,0,2
BRDA:15,9,0,1
BRDA:17,10,0,1
BRF:11
BRH:11
end_of_record
TN:
SF:.core-dist/applied-report.js
FN:171,fill
FN:177,taskFieldChanges
FN:187,describeFieldValue
FN:204,renderAppliedReport
FN:222,renderItem
FN:280,renderCreatedTask
FN:290,renderCreatedTaskLine
FN:295,taskBadges
FN:299,createdWhen
FN:311,renderChange
FN:320,renderValue
FN:337,reminderLabel
FN:346,truncate
FN:350,plural
FNF:14
FNH:14
FNDA:13,fill
FNDA:1,taskFieldChanges
FNDA:20,describeFieldValue
FNDA:9,renderAppliedReport
FNDA:13,renderItem
FNDA:3,renderCreatedTask
FNDA:4,renderCreatedTaskLine
FNDA:7,taskBadges
FNDA:7,createdWhen
FNDA:5,renderChange
FNDA:7,renderValue
FNDA:6,reminderLabel
FNDA:1,truncate
FNDA:1,plural
DA:1,1
DA:2,1
DA:3,1
DA:4,1
DA:5,1
DA:6,1
DA:7,1
DA:8,1
DA:9,1
DA:10,1
DA:11,1
DA:12,1
DA:13,1
DA:14,1
DA:15,1
DA:16,1
DA:17,1
DA:18,1
DA:19,1
DA:20,1
DA:21,1
DA:22,1
DA:23,1
DA:24,1
DA:25,1
DA:26,1
DA:27,1
DA:28,1
DA:29,1
DA:30,1
DA:31,1
DA:32,1
DA:33,1
DA:34,1
DA:35,1
DA:36,1
DA:37,1
DA:38,1
DA:39,1
DA:40,1
DA:41,1
DA:42,1
DA:43,1
DA:44,1
DA:45,1
DA:46,1
DA:47,1
DA:48,1
DA:49,1
DA:50,1
DA:51,1
DA:52,1
DA:53,1
DA:54,1
DA:55,1
DA:56,1
DA:57,1
DA:58,1
DA:59,1
DA:60,1
DA:61,1
DA:62,1
DA:63,1
DA:64,1
DA:65,1
DA:66,1
DA:67,1
DA:68,1
DA:69,1
DA:70,1
DA:71,1
DA:72,1
DA:73,1
DA:74,1
DA:75,1
DA:76,1
DA:77,1
DA:78,1
DA:79,1
DA:80,1
DA:81,1
DA:82,1
DA:83,1
DA:84,1
DA:85,1
DA:86,1
DA:87,1
DA:88,1
DA:89,1
DA:90,1
DA:91,1
DA:92,1
DA:93,1
DA:94,1
DA:95,1
DA:96,1
DA:97,1
DA:98,1
DA:99,1
DA:100,1
DA:101,1
DA:102,1
DA:103,1
DA:104,1
DA:105,1
DA:106,1
DA:107,1
DA:108,1
DA:109,1
DA:110,1
DA:111,1
DA:112,1
DA:113,1
DA:114,1
DA:115,1
DA:116,1
DA:117,1
DA:118,1
DA:119,1
DA:120,1
DA:121,1
DA:122,1
DA:123,1
DA:124,1
DA:125,1
DA:126,1
DA:127,1
DA:128,1
DA:129,1
DA:130,1
DA:131,1
DA:132,1
DA:133,1
DA:134,1
DA:135,1
DA:136,1
DA:137,1
DA:138,1
DA:139,1
DA:140,1
DA:141,1
DA:142,1
DA:143,1
DA:144,1
DA:145,1
DA:146,1
DA:147,1
DA:148,1
DA:149,1
DA:150,1
DA:151,1
DA:152,1
DA:153,1
DA:154,1
DA:155,1
DA:156,1
DA:157,1
DA:158,1
DA:159,1
DA:160,1
DA:161,1
DA:162,1
DA:163,1
DA:164,1
DA:165,1
DA:166,1
DA:167,1
DA:168,1
DA:169,1
DA:170,1
DA:171,1
DA:172,1
DA:173,1
DA:174,1
DA:175,1
DA:176,1
DA:177,1
DA:178,1
DA:179,1
DA:180,10
DA:181,10
DA:182,10
DA:183,10
DA:184,10
DA:185,1
DA:186,1
DA:187,20
DA:188,20
DA:189,20
DA:190,20
DA:191,2
DA:192,2
DA:193,2
DA:194,2
DA:195,2
DA:196,8
DA:197,20
DA:198,8
DA:199,20
DA:200,6
DA:201,6
DA:202,0
DA:203,20
DA:204,1
DA:205,9
DA:206,9
DA:207,9
DA:208,9
DA:209,9
DA:210,9
DA:211,1
DA:212,1
DA:213,9
DA:214,18
DA:215,18
DA:216,13
DA:217,13
DA:218,13
DA:219,18
DA:220,9
DA:221,9
DA:222,13
DA:223,13
DA:224,13
DA:225,13
DA:226,2
DA:227,2
DA:228,2
DA:229,1
DA:230,1
DA:231,1
DA:232,13
DA:233,1
DA:234,1
DA:235,1
DA:236,1
DA:237,1
DA:238,1
DA:239,1
DA:240,1
DA:241,1
DA:242,1
DA:243,1
DA:244,13
DA:245,2
DA:246,13
DA:247,2
DA:248,2
DA:249,2
DA:250,2
DA:251,2
DA:252,2
DA:253,2
DA:254,2
DA:255,13
DA:256,1
DA:257,13
DA:258,1
DA:259,13
DA:260,0
DA:261,13
DA:262,1
DA:263,1
DA:264,1
DA:265,1
DA:266,13
DA:267,1
DA:268,13
DA:269,0
DA:270,13
DA:271,1
DA:272,13
DA:273,1
DA:274,13
DA:275,0
DA:276,13
DA:277,0
DA:278,13
DA:279,13
DA:280,3
DA:281,3
DA:282,3
DA:283,3
DA:284,3
DA:285,3
DA:286,3
DA:287,3
DA:288,3
DA:289,3
DA:290,4
DA:291,4
DA:292,4
DA:293,4
DA:294,4
DA:295,7
DA:296,7
DA:297,7
DA:298,7
DA:299,7
DA:300,7
DA:301,7
DA:302,5
DA:303,5
DA:304,5
DA:305,2
DA:306,2
DA:307,2
DA:308,2
DA:309,0
DA:310,7
DA:311,5
DA:312,5
DA:313,5
DA:314,5
DA:315,5
DA:316,3
DA:317,5
DA:318,2
DA:319,5
DA:320,7
DA:321,7
DA:322,7
DA:323,7
DA:324,5
DA:325,7
DA:326,7
DA:327,1
DA:328,1
DA:329,1
DA:330,1
DA:331,1
DA:332,1
DA:333,1
DA:334,4
DA:335,7
DA:336,1
DA:337,6
DA:338,6
DA:339,6
DA:340,6
DA:341,6
DA:342,6
DA:343,6
DA:344,2
DA:345,6
DA:346,1
DA:347,1
DA:348,1
DA:349,1
DA:350,1
DA:351,1
DA:352,1
DA:353,1
DA:354,1
DA:355,1
DA:356,1
DA:357,1
DA:358,1
DA:359,1
DA:360,0
DA:361,1
LF:361
LH:354
BRDA:1,0,0,1
BRDA:171,1,0,13
BRDA:171,2,0,14
BRDA:171,3,0,0
BRDA:177,4,0,1
BRDA:179,5,0,10
BRDA:183,6,0,5
BRDA:187,7,0,20
BRDA:188,8,0,18
BRDA:189,9,0,10
BRDA:190,10,0,2
BRDA:192,11,0,0
BRDA:194,12,0,1
BRDA:194,13,0,1
BRDA:196,14,0,8
BRDA:197,15,0,0
BRDA:198,16,0,8
BRDA:199,17,0,2
BRDA:199,18,0,0
BRDA:200,19,0,6
BRDA:201,20,0,0
BRDA:202,21,0,0
BRDA:193,22,0,2
BRDA:204,23,0,9
BRDA:209,24,0,3
BRDA:210,25,0,1
BRDA:213,26,0,18
BRDA:215,27,0,5
BRDA:216,28,0,13
BRDA:207,29,0,18
BRDA:211,30,0,2
BRDA:222,31,0,13
BRDA:225,32,0,2
BRDA:228,33,0,1
BRDA:232,34,0,1
BRDA:233,35,0,0
BRDA:234,36,0,0
BRDA:235,37,0,0
BRDA:236,38,0,0
BRDA:236,39,0,0
BRDA:236,40,0,0
BRDA:242,41,0,0
BRDA:244,42,0,2
BRDA:245,43,0,1
BRDA:245,44,0,1
BRDA:245,45,0,1
BRDA:246,46,0,2
BRDA:247,47,0,1
BRDA:248,48,0,1
BRDA:251,49,0,1
BRDA:252,50,0,0
BRDA:253,51,0,1
BRDA:253,52,0,0
BRDA:253,53,0,0
BRDA:253,54,0,1
BRDA:255,55,0,1
BRDA:257,56,0,1
BRDA:259,57,0,0
BRDA:261,58,0,1
BRDA:266,59,0,1
BRDA:268,60,0,0
BRDA:270,61,0,1
BRDA:271,62,0,0
BRDA:272,63,0,1
BRDA:274,64,0,0
BRDA:276,65,0,0
BRDA:229,66,0,5
BRDA:264,67,0,2
BRDA:280,68,0,3
BRDA:287,69,0,1
BRDA:290,70,0,4
BRDA:292,71,0,0
BRDA:293,72,0,0
BRDA:295,73,0,7
BRDA:296,74,0,0
BRDA:296,75,0,1
BRDA:296,76,0,6
BRDA:296,77,0,1
BRDA:296,78,0,6
BRDA:297,79,0,2
BRDA:297,80,0,5
BRDA:299,81,0,7
BRDA:301,82,0,5
BRDA:302,83,0,4
BRDA:302,84,0,1
BRDA:305,85,0,2
BRDA:306,86,0,1
BRDA:306,87,0,1
BRDA:309,88,0,0
BRDA:311,89,0,5
BRDA:312,90,0,2
BRDA:312,91,0,3
BRDA:313,92,0,1
BRDA:313,93,0,4
BRDA:315,94,0,2
BRDA:315,95,0,0
BRDA:316,96,0,3
BRDA:317,97,0,1
BRDA:318,98,0,2
BRDA:320,99,0,7
BRDA:322,100,0,2
BRDA:323,101,0,2
BRDA:324,102,0,5
BRDA:325,103,0,0
BRDA:326,104,0,5
BRDA:326,105,0,1
BRDA:331,106,0,0
BRDA:334,107,0,4
BRDA:337,108,0,6
BRDA:338,109,0,0
BRDA:338,110,0,0
BRDA:339,111,0,5
BRDA:339,112,0,5
BRDA:340,113,0,1
BRDA:341,114,0,5
BRDA:341,115,0,0
BRDA:342,116,0,4
BRDA:342,117,0,4
BRDA:343,118,0,3
BRDA:344,119,0,2
BRDA:346,120,0,1
BRDA:348,121,0,0
BRDA:350,122,0,1
BRDA:352,123,0,0
BRDA:353,124,0,0
BRDA:356,125,0,0
BRDA:357,126,0,0
BRDA:358,127,0,0
BRDA:360,128,0,0
BRF:129
BRH:91
end_of_record
TN:
SF:.core-dist/avoidance.js
FN:1,deriveAvoidanceSignals
FN:17,assessAvoidance
FNF:2
FNH:2
FNDA:51,deriveAvoidanceSignals
FNDA:52,assessAvoidance
DA:1,2
DA:2,51
DA:3,51
DA:4,10
DA:5,10
DA:6,10
DA:7,10
DA:8,10
DA:9,10
DA:10,10
DA:11,1
DA:12,1
DA:13,1
DA:14,10
DA:15,51
DA:16,51
DA:17,2
DA:18,52
DA:19,52
DA:20,52
DA:21,52
DA:22,52
DA:23,52
DA:24,52
DA:25,52
DA:26,52
LF:26
LH:26
BRDA:1,0,0,2
BRDA:1,1,0,51
BRDA:3,2,0,10
BRDA:5,3,0,2
BRDA:7,4,0,4
BRDA:9,5,0,3
BRDA:10,6,0,1
BRDA:17,7,0,52
BRDA:20,8,0,2
BRDA:22,9,0,1
BRDA:24,10,0,1
BRF:11
BRH:11
end_of_record
TN:
SF:.core-dist/card-details.js
FN:1,selectCardDetails
FN:22,keepSentences
FN:37,isRedundantText
FN:56,looksLikePlanningChore
FN:68,looksLikeSchedulingEcho
FN:293,clean
FN:297,normalize
FN:306,stems
FNF:8
FNH:8
FNDA:15,selectCardDetails
FNDA:30,keepSentences
FNDA:25,isRedundantText
FNDA:23,looksLikePlanningChore
FNDA:39,looksLikeSchedulingEcho
FNDA:45,clean
FNDA:97,normalize
FNDA:55,stems
DA:1,1
DA:2,15
DA:3,15
DA:4,15
DA:5,15
DA:6,15
DA:7,15
DA:8,15
DA:9,15
DA:10,11
DA:11,11
DA:12,15
DA:13,15
DA:14,15
DA:15,15
DA:16,15
DA:17,1
DA:18,1
DA:19,1
DA:20,1
DA:21,1
DA:22,30
DA:23,30
DA:24,30
DA:25,30
DA:26,16
DA:27,16
DA:28,16
DA:29,16
DA:30,16
DA:31,30
DA:32,30
DA:33,1
DA:34,1
DA:35,1
DA:36,1
DA:37,1
DA:38,25
DA:39,25
DA:40,25
DA:41,24
DA:42,24
DA:43,25
DA:44,24
DA:45,24
DA:46,25
DA:47,19
DA:48,19
DA:49,25
DA:50,19
DA:51,19
DA:52,19
DA:53,25
DA:54,1
DA:55,1
DA:56,1
DA:57,23
DA:58,23
DA:59,1
DA:60,1
DA:61,1
DA:62,1
DA:63,1
DA:64,1
DA:65,1
DA:66,1
DA:67,1
DA:68,1
DA:69,39
DA:70,39
DA:71,1
DA:72,1
DA:73,1
DA:74,1
DA:75,1
DA:76,1
DA:77,1
DA:78,1
DA:79,1
DA:80,1
DA:81,1
DA:82,1
DA:83,1
DA:84,1
DA:85,1
DA:86,1
DA:87,1
DA:88,1
DA:89,1
DA:90,1
DA:91,1
DA:92,1
DA:93,1
DA:94,1
DA:95,1
DA:96,1
DA:97,1
DA:98,1
DA:99,1
DA:100,1
DA:101,1
DA:102,1
DA:103,1
DA:104,1
DA:105,1
DA:106,1
DA:107,1
DA:108,1
DA:109,1
DA:110,1
DA:111,1
DA:112,1
DA:113,1
DA:114,1
DA:115,1
DA:116,1
DA:117,1
DA:118,1
DA:119,1
DA:120,1
DA:121,1
DA:122,1
DA:123,1
DA:124,1
DA:125,1
DA:126,1
DA:127,1
DA:128,1
DA:129,1
DA:130,1
DA:131,1
DA:132,1
DA:133,1
DA:134,1
DA:135,1
DA:136,1
DA:137,1
DA:138,1
DA:139,1
DA:140,1
DA:141,1
DA:142,1
DA:143,1
DA:144,1
DA:145,1
DA:146,1
DA:147,1
DA:148,1
DA:149,1
DA:150,1
DA:151,1
DA:152,1
DA:153,1
DA:154,1
DA:155,1
DA:156,1
DA:157,1
DA:158,1
DA:159,1
DA:160,1
DA:161,1
DA:162,1
DA:163,1
DA:164,1
DA:165,1
DA:166,1
DA:167,1
DA:168,1
DA:169,1
DA:170,1
DA:171,1
DA:172,1
DA:173,1
DA:174,1
DA:175,1
DA:176,1
DA:177,1
DA:178,1
DA:179,1
DA:180,1
DA:181,1
DA:182,1
DA:183,1
DA:184,1
DA:185,1
DA:186,1
DA:187,1
DA:188,1
DA:189,1
DA:190,1
DA:191,1
DA:192,1
DA:193,1
DA:194,1
DA:195,1
DA:196,1
DA:197,1
DA:198,1
DA:199,1
DA:200,1
DA:201,1
DA:202,1
DA:203,1
DA:204,1
DA:205,1
DA:206,1
DA:207,1
DA:208,1
DA:209,1
DA:210,1
DA:211,1
DA:212,1
DA:213,1
DA:214,1
DA:215,1
DA:216,1
DA:217,1
DA:218,1
DA:219,1
DA:220,1
DA:221,1
DA:222,1
DA:223,1
DA:224,1
DA:225,1
DA:226,1
DA:227,1
DA:228,1
DA:229,1
DA:230,1
DA:231,1
DA:232,1
DA:233,1
DA:234,1
DA:235,1
DA:236,1
DA:237,1
DA:238,1
DA:239,1
DA:240,1
DA:241,1
DA:242,1
DA:243,1
DA:244,1
DA:245,1
DA:246,1
DA:247,1
DA:248,1
DA:249,1
DA:250,1
DA:251,1
DA:252,1
DA:253,1
DA:254,1
DA:255,1
DA:256,1
DA:257,1
DA:258,1
DA:259,1
DA:260,1
DA:261,1
DA:262,1
DA:263,1
DA:264,1
DA:265,1
DA:266,1
DA:267,1
DA:268,1
DA:269,1
DA:270,1
DA:271,1
DA:272,1
DA:273,1
DA:274,1
DA:275,1
DA:276,1
DA:277,1
DA:278,1
DA:279,1
DA:280,1
DA:281,1
DA:282,1
DA:283,1
DA:284,1
DA:285,1
DA:286,1
DA:287,1
DA:288,1
DA:289,1
DA:290,1
DA:291,1
DA:292,1
DA:293,45
DA:294,45
DA:295,45
DA:296,45
DA:297,97
DA:298,97
DA:299,97
DA:300,97
DA:301,97
DA:302,97
DA:303,97
DA:304,97
DA:305,1
DA:306,55
DA:307,55
DA:308,55
DA:309,55
DA:310,55
DA:311,55
LF:311
LH:311
BRDA:1,0,0,1
BRDA:1,1,0,15
BRDA:3,2,0,2
BRDA:3,3,0,13
BRDA:4,4,0,12
BRDA:7,5,0,14
BRDA:8,6,0,12
BRDA:9,7,0,11
BRDA:11,8,0,10
BRDA:12,9,0,3
BRDA:13,10,0,12
BRDA:14,11,0,14
BRDA:14,12,0,12
BRDA:4,13,0,8
BRDA:22,14,0,30
BRDA:25,15,0,14
BRDA:26,16,0,16
BRDA:31,17,0,3
BRDA:31,18,0,13
BRDA:28,19,0,18
BRDA:30,20,0,18
BRDA:30,21,0,9
BRDA:37,22,0,25
BRDA:40,23,0,1
BRDA:41,24,0,24
BRDA:43,25,0,0
BRDA:44,26,0,24
BRDA:46,27,0,5
BRDA:47,28,0,19
BRDA:49,29,0,0
BRDA:50,30,0,19
BRDA:45,31,0,45
BRDA:45,32,0,42
BRDA:45,33,0,36
BRDA:51,34,0,55
BRDA:56,35,0,23
BRDA:68,36,0,39
BRDA:293,37,0,45
BRDA:294,38,0,30
BRDA:294,39,0,15
BRDA:295,40,0,15
BRDA:297,41,0,97
BRDA:306,42,0,55
BRDA:309,43,0,229
BRDA:309,44,0,179
BRDA:309,45,0,179
BRDA:310,46,0,151
BRDA:310,47,0,141
BRDA:310,48,0,10
BRF:49
BRH:47
end_of_record
TN:
SF:.core-dist/context-policy.js
FN:5,normalizeTopicDirective
FNF:1
FNH:1
FNDA:8,normalizeTopicDirective
DA:1,1
DA:2,1
DA:3,1
DA:4,1
DA:5,1
DA:6,8
DA:7,8
DA:8,8
DA:9,8
DA:10,8
DA:11,3
DA:12,3
DA:13,3
DA:14,3
DA:15,8
DA:16,2
DA:17,2
DA:18,1
DA:19,1
DA:20,8
DA:21,8
LF:21
LH:21
BRDA:1,0,0,1
BRDA:5,1,0,8
BRDA:6,2,0,6
BRDA:6,3,0,3
BRDA:7,4,0,6
BRDA:7,5,0,2
BRDA:9,6,0,1
BRDA:10,7,0,7
BRDA:10,8,0,3
BRDA:12,9,0,2
BRDA:12,10,0,1
BRDA:12,11,0,1
BRDA:12,12,0,1
BRDA:13,13,0,1
BRDA:15,14,0,4
BRDA:15,15,0,2
BRDA:16,16,0,1
BRDA:17,17,0,1
BRDA:17,18,0,0
BRDA:20,19,0,1
BRDA:20,20,0,1
BRF:21
BRH:20
end_of_record
TN:
SF:.core-dist/conversation-control.js
FN:6,detectConversationControl
FN:22,isClearConversationRequest
FN:27,bareConfirmationDecision
FNF:3
FNH:2
FNDA:6,detectConversationControl
FNDA:7,isClearConversationRequest
FNDA:0,bareConfirmationDecision
DA:1,1
DA:2,1
DA:3,1
DA:4,1
DA:5,1
DA:6,1
DA:7,6
DA:8,6
DA:9,6
DA:10,6
DA:11,1
DA:12,1
DA:13,6
DA:14,2
DA:15,2
DA:16,6
DA:17,1
DA:18,1
DA:19,2
DA:20,6
DA:21,1
DA:22,1
DA:23,7
DA:24,7
DA:25,7
DA:26,1
DA:27,1
DA:28,0
DA:29,0
DA:30,0
DA:31,0
DA:32,0
DA:33,0
DA:34,0
DA:35,0
DA:36,0
DA:37,0
DA:38,0
DA:39,0
DA:40,0
LF:40
LH:27
BRDA:1,0,0,1
BRDA:6,1,0,6
BRDA:9,2,0,0
BRDA:10,3,0,1
BRDA:13,4,0,5
BRDA:13,5,0,2
BRDA:16,6,0,3
BRDA:16,7,0,1
BRDA:19,8,0,2
BRDA:22,9,0,7
BRF:10
BRH:9
end_of_record
TN:
SF:.core-dist/deadline-urgency.js
FN:2,deadlineUrgency
FNF:1
FNH:1
FNDA:5,deadlineUrgency
DA:1,1
DA:2,1
DA:3,5
DA:4,5
DA:5,5
DA:6,5
DA:7,5
DA:8,5
DA:9,5
DA:10,5
DA:11,3
DA:12,5
DA:13,2
DA:14,5
DA:15,1
DA:16,5
LF:16
LH:16
BRDA:1,0,0,1
BRDA:2,1,0,5
BRDA:3,2,0,1
BRDA:3,3,0,0
BRDA:5,4,0,0
BRDA:8,5,0,0
BRDA:10,6,0,2
BRDA:11,7,0,3
BRDA:12,8,0,1
BRDA:13,9,0,2
BRDA:14,10,0,1
BRF:11
BRH:8
end_of_record
TN:
SF:.core-dist/deterministic-input.js
FN:2,splitReason
FN:8,parseRescheduleInput
FN:59,parseCustomFollowUpInput
FNF:3
FNH:3
FNDA:4,splitReason
FNDA:4,parseRescheduleInput
FNDA:2,parseCustomFollowUpInput
DA:1,1
DA:2,1
DA:3,4
DA:4,4
DA:5,4
DA:6,4
DA:7,4
DA:8,1
DA:9,4
DA:10,4
DA:11,4
DA:12,4
DA:13,1
DA:14,1
DA:15,1
DA:16,1
DA:17,1
DA:18,1
DA:19,1
DA:20,1
DA:21,1
DA:22,4
DA:23,1
DA:24,1
DA:25,1
DA:26,1
DA:27,1
DA:28,1
DA:29,1
DA:30,1
DA:31,1
DA:32,1
DA:33,1
DA:34,1
DA:35,1
DA:36,1
DA:37,1
DA:38,4
DA:39,1
DA:40,1
DA:41,1
DA:42,1
DA:43,1
DA:44,0
DA:45,1
DA:46,1
DA:47,0
DA:48,0
DA:49,1
DA:50,1
DA:51,1
DA:52,1
DA:53,4
DA:54,4
DA:55,1
DA:56,1
DA:57,4
DA:58,4
DA:59,1
DA:60,2
DA:61,2
DA:62,1
DA:63,1
DA:64,1
DA:65,1
DA:66,1
DA:67,1
DA:68,1
DA:69,1
DA:70,1
DA:71,1
DA:72,1
DA:73,1
DA:74,1
DA:75,0
DA:76,2
DA:77,2
DA:78,0
DA:79,0
DA:80,0
DA:81,0
DA:82,0
DA:83,0
DA:84,2
LF:84
LH:74
BRDA:1,0,0,1
BRDA:2,1,0,4
BRDA:4,2,0,0
BRDA:6,3,0,1
BRDA:6,4,0,3
BRDA:8,5,0,4
BRDA:11,6,0,0
BRDA:12,7,0,1
BRDA:16,8,0,0
BRDA:20,9,0,0
BRDA:22,10,0,3
BRDA:22,11,0,1
BRDA:25,12,0,0
BRDA:36,13,0,0
BRDA:38,14,0,2
BRDA:38,15,0,1
BRDA:42,16,0,0
BRDA:44,17,0,0
BRDA:45,18,0,0
BRDA:46,19,0,0
BRDA:49,20,0,0
BRDA:53,21,0,1
BRDA:54,22,0,0
BRDA:55,23,0,1
BRDA:57,24,0,0
BRDA:59,25,0,2
BRDA:61,26,0,1
BRDA:64,27,0,0
BRDA:72,28,0,0
BRDA:75,29,0,0
BRDA:76,30,0,0
BRDA:77,31,0,0
BRF:32
BRH:14
end_of_record
TN:
SF:.core-dist/digest-policy.js
FN:1,morningDigestSections
FN:7,eveningDigestSections
FN:13,shouldBundleWeeklyReview
FN:16,briefingStillUseful
FNF:4
FNH:4
FNDA:1,morningDigestSections
FNDA:1,eveningDigestSections
FNDA:2,shouldBundleWeeklyReview
FNDA:2,briefingStillUseful
DA:1,1
DA:2,1
DA:3,1
DA:4,1
DA:5,1
DA:6,1
DA:7,1
DA:8,1
DA:9,1
DA:10,1
DA:11,1
DA:12,1
DA:13,1
DA:14,2
DA:15,2
DA:16,1
DA:17,2
DA:18,2
DA:19,2
DA:20,2
LF:20
LH:20
BRDA:1,0,0,1
BRDA:1,1,0,1
BRDA:3,2,0,3
BRDA:4,3,0,3
BRDA:7,4,0,1
BRDA:9,5,0,3
BRDA:9,6,0,2
BRDA:10,7,0,3
BRDA:13,8,0,2
BRDA:16,9,0,2
BRDA:19,10,0,1
BRF:11
BRH:11
end_of_record
TN:
SF:.core-dist/errors.js
FN:8,<instance_members_initializer>
FN:9,DomainRuleError
FN:15,isDomainRuleError
FNF:3
FNH:2
FNDA:5,<instance_members_initializer>
FNDA:5,DomainRuleError
FNDA:0,isDomainRuleError
DA:1,1
DA:2,1
DA:3,1
DA:4,1
DA:5,1
DA:6,1
DA:7,1
DA:8,1
DA:9,1
DA:10,5
DA:11,5
DA:12,5
DA:13,5
DA:14,1
DA:15,1
DA:16,0
DA:17,0
LF:17
LH:15
BRDA:1,0,0,1
BRDA:8,1,0,5
BRDA:9,2,0,5
BRF:3
BRH:3
end_of_record
TN:
SF:.core-dist/habit-policy.js
FN:1,habitOfferEligible
FNF:1
FNH:1
FNDA:54,habitOfferEligible
DA:1,2
DA:2,54
DA:3,54
LF:3
LH:3
BRDA:1,0,0,2
BRDA:1,1,0,54
BRDA:2,2,0,4
BRDA:2,3,0,3
BRDA:2,4,0,3
BRDA:2,5,0,2
BRF:6
BRH:6
end_of_record
TN:
SF:.core-dist/language.js
FN:1,normalizeLanguageTag
FN:10,interfaceLocale
FNF:2
FNH:1
FNDA:4,normalizeLanguageTag
FNDA:0,interfaceLocale
DA:1,2
DA:2,4
DA:3,4
DA:4,4
DA:5,3
DA:6,4
DA:7,4
DA:8,4
DA:9,2
DA:10,2
DA:11,0
DA:12,0
DA:13,0
DA:14,0
DA:15,0
DA:16,0
DA:17,0
LF:17
LH:10
BRDA:1,0,0,2
BRDA:1,1,0,4
BRDA:3,2,0,3
BRDA:4,3,0,1
BRDA:5,4,0,3
BRDA:6,5,0,2
BRDA:7,6,0,2
BRDA:7,7,0,1
BRF:8
BRH:8
end_of_record
TN:
SF:.core-dist/lifecycle.js
FN:3,evaluateOccurrenceLifecycle
FNF:1
FNH:1
FNDA:7,evaluateOccurrenceLifecycle
DA:1,1
DA:2,1
DA:3,1
DA:4,7
DA:5,7
DA:6,7
DA:7,1
DA:8,1
DA:9,7
DA:10,1
DA:11,1
DA:12,1
DA:13,1
DA:14,1
DA:15,7
DA:16,2
DA:17,2
DA:18,2
DA:19,0
DA:20,0
DA:21,2
DA:22,1
DA:23,1
DA:24,2
DA:25,7
DA:26,3
DA:27,3
DA:28,3
DA:29,1
DA:30,1
DA:31,3
DA:32,1
DA:33,7
LF:33
LH:31
BRDA:1,0,0,1
BRDA:3,1,0,7
BRDA:5,2,0,0
BRDA:6,3,0,6
BRDA:6,4,0,2
BRDA:6,5,0,1
BRDA:6,6,0,1
BRDA:6,7,0,1
BRDA:9,8,0,6
BRDA:9,9,0,1
BRDA:9,10,0,1
BRDA:15,11,0,5
BRDA:15,12,0,2
BRDA:16,13,0,1
BRDA:17,14,0,1
BRDA:18,15,0,0
BRDA:18,16,0,0
BRDA:21,17,0,1
BRDA:21,18,0,1
BRDA:21,19,0,1
BRDA:21,20,0,1
BRDA:25,21,0,3
BRDA:25,22,0,3
BRDA:25,23,0,3
BRDA:26,24,0,1
BRDA:27,25,0,1
BRDA:28,26,0,2
BRDA:28,27,0,1
BRDA:32,28,0,1
BRF:29
BRH:26
end_of_record
TN:
SF:.core-dist/local-schedule.js
FN:2,compileStructuredLocalSchedule
FN:85,localDate
FN:96,localTime
FN:107,instant
FN:110,requireOnlyAbsent
FN:115,assertTimezone
FNF:6
FNH:6
FNDA:9,compileStructuredLocalSchedule
FNDA:36,localDate
FNDA:36,localTime
FNDA:6,instant
FNDA:9,requireOnlyAbsent
FNDA:9,assertTimezone
DA:1,1
DA:2,1
DA:3,9
DA:4,9
DA:5,9
DA:6,9
DA:7,9
DA:8,9
DA:9,9
DA:10,9
DA:11,9
DA:12,9
DA:13,9
DA:14,0
DA:15,0
DA:16,9
DA:17,3
DA:18,3
DA:19,3
DA:20,2
DA:21,2
DA:22,9
DA:23,1
DA:24,1
DA:25,1
DA:26,1
DA:27,1
DA:28,1
DA:29,1
DA:30,9
DA:31,3
DA:32,3
DA:33,3
DA:34,3
DA:35,0
DA:36,0
DA:37,0
DA:38,0
DA:39,3
DA:40,3
DA:41,2
DA:42,2
DA:43,2
DA:44,3
DA:45,1
DA:46,1
DA:47,1
DA:48,1
DA:49,1
DA:50,1
DA:51,2
DA:52,3
DA:53,2
DA:54,2
DA:55,9
DA:56,1
DA:57,1
DA:58,1
DA:59,1
DA:60,1
DA:61,1
DA:62,1
DA:63,1
DA:64,1
DA:65,1
DA:66,1
DA:67,1
DA:68,1
DA:69,1
DA:70,1
DA:71,1
DA:72,1
DA:73,1
DA:74,1
DA:75,9
DA:76,9
DA:77,9
DA:78,1
DA:79,1
DA:80,1
DA:81,1
DA:82,1
DA:83,1
DA:84,9
DA:85,36
DA:86,36
DA:87,36
DA:88,10
DA:89,10
DA:90,10
DA:91,36
DA:92,0
DA:93,0
DA:94,10
DA:95,36
DA:96,36
DA:97,36
DA:98,36
DA:99,9
DA:100,9
DA:101,9
DA:102,36
DA:103,0
DA:104,0
DA:105,9
DA:106,36
DA:107,6
DA:108,6
DA:109,6
DA:110,9
DA:111,9
DA:112,9
DA:113,9
DA:114,9
DA:115,9
DA:116,9
DA:117,9
DA:118,9
DA:119,9
DA:120,0
DA:121,0
DA:122,9
LF:122
LH:110
BRDA:1,0,0,1
BRDA:2,1,0,9
BRDA:13,2,0,2
BRDA:13,3,0,0
BRDA:16,4,0,3
BRDA:18,5,0,2
BRDA:19,6,0,0
BRDA:20,7,0,2
BRDA:22,8,0,6
BRDA:22,9,0,1
BRDA:25,10,0,0
BRDA:30,11,0,5
BRDA:30,12,0,3
BRDA:33,13,0,0
BRDA:34,14,0,0
BRDA:39,15,0,2
BRDA:40,16,0,1
BRDA:41,17,0,2
BRDA:44,18,0,1
BRDA:47,19,0,0
BRDA:48,20,0,0
BRDA:51,21,0,2
BRDA:52,22,0,0
BRDA:53,23,0,2
BRDA:55,24,0,2
BRDA:55,25,0,1
BRDA:58,26,0,0
BRDA:59,27,0,0
BRDA:60,28,0,0
BRDA:62,29,0,0
BRDA:63,30,0,0
BRDA:65,31,0,0
BRDA:67,32,0,0
BRDA:70,33,0,0
BRDA:71,34,0,0
BRDA:76,35,0,1
BRDA:76,36,0,1
BRDA:77,37,0,0
BRDA:78,38,0,1
BRDA:85,39,0,36
BRDA:87,40,0,26
BRDA:88,41,0,10
BRDA:91,42,0,0
BRDA:94,43,0,10
BRDA:96,44,0,36
BRDA:98,45,0,27
BRDA:99,46,0,9
BRDA:102,47,0,0
BRDA:105,48,0,9
BRDA:107,49,0,6
BRDA:110,50,0,9
BRDA:113,51,0,1
BRDA:111,52,0,56
BRDA:111,53,0,1
BRDA:115,54,0,9
BRDA:119,55,0,0
BRF:56
BRH:35
end_of_record
TN:
SF:.core-dist/new-task-refs.js
FN:9,isNewTaskRef
FN:12,foldNewTaskRefs
FN:23,targetOf
FN:85,referencedTask
FN:98,patchToBody
FNF:5
FNH:5
FNDA:2,isNewTaskRef
FNDA:3,foldNewTaskRefs
FNDA:7,targetOf
FNDA:11,referencedTask
FNDA:1,patchToBody
DA:1,1
DA:2,1
DA:3,1
DA:4,1
DA:5,1
DA:6,1
DA:7,1
DA:8,1
DA:9,1
DA:10,2
DA:11,2
DA:12,1
DA:13,3
DA:14,3
DA:15,11
DA:16,11
DA:17,3
DA:18,3
DA:19,3
DA:20,3
DA:21,3
DA:22,3
DA:23,3
DA:24,7
DA:25,7
DA:26,7
DA:27,6
DA:28,6
DA:29,7
DA:30,1
DA:31,1
DA:32,1
DA:33,5
DA:34,3
DA:35,3
DA:36,11
DA:37,11
DA:38,4
DA:39,4
DA:40,4
DA:41,7
DA:42,11
DA:43,1
DA:44,1
DA:45,1
DA:46,6
DA:47,11
DA:48,5
DA:49,5
DA:50,11
DA:51,1
DA:52,1
DA:53,1
DA:54,1
DA:55,0
DA:56,0
DA:57,0
DA:58,0
DA:59,0
DA:60,0
DA:61,0
DA:62,11
DA:63,1
DA:64,1
DA:65,11
DA:66,1
DA:67,1
DA:68,11
DA:69,1
DA:70,1
DA:71,11
DA:72,1
DA:73,1
DA:74,11
DA:75,0
DA:76,11
DA:77,3
DA:78,3
DA:79,3
DA:80,3
DA:81,3
DA:82,3
DA:83,3
DA:84,3
DA:85,11
DA:86,11
DA:87,11
DA:88,11
DA:89,11
DA:90,11
DA:91,6
DA:92,11
DA:93,1
DA:94,11
DA:95,4
DA:96,11
DA:97,11
DA:98,1
DA:99,1
DA:100,1
DA:101,1
DA:102,1
DA:103,1
DA:104,1
DA:105,1
DA:106,1
DA:107,1
DA:108,1
DA:109,1
DA:110,1
DA:111,1
DA:112,1
DA:113,1
DA:114,1
DA:115,1
LF:115
LH:107
BRDA:1,0,0,1
BRDA:9,1,0,2
BRDA:12,2,0,3
BRDA:20,3,0,4
BRDA:14,4,0,11
BRDA:16,5,0,4
BRDA:23,6,0,7
BRDA:26,7,0,1
BRDA:27,8,0,6
BRDA:29,9,0,1
BRDA:33,10,0,5
BRDA:35,11,0,11
BRDA:37,12,0,4
BRDA:41,13,0,7
BRDA:42,14,0,1
BRDA:46,15,0,6
BRDA:47,16,0,1
BRDA:48,17,0,5
BRDA:50,18,0,1
BRDA:55,19,0,0
BRDA:62,20,0,1
BRDA:63,21,0,0
BRDA:65,22,0,1
BRDA:68,23,0,1
BRDA:69,24,0,0
BRDA:71,25,0,1
BRDA:74,26,0,0
BRDA:78,27,0,2
BRDA:80,28,0,5
BRDA:80,29,0,1
BRDA:85,30,0,11
BRDA:87,31,0,1
BRDA:88,32,0,3
BRDA:89,33,0,4
BRDA:90,34,0,6
BRDA:92,35,0,1
BRDA:93,36,0,0
BRDA:94,37,0,4
BRDA:98,38,0,1
BRDA:101,39,0,0
BRDA:105,40,0,0
BRDA:107,41,0,0
BRDA:109,42,0,0
BRDA:113,43,0,0
BRF:44
BRH:34
end_of_record
TN:
SF:.core-dist/occurrence.js
FN:10,deriveInitialOccurrenceStatus
FN:13,validateOccurrenceTransition
FNF:2
FNH:2
FNDA:34,deriveInitialOccurrenceStatus
FNDA:6,validateOccurrenceTransition
DA:1,5
DA:2,5
DA:3,5
DA:4,5
DA:5,5
DA:6,5
DA:7,5
DA:8,5
DA:9,5
DA:10,5
DA:11,34
DA:12,34
DA:13,5
DA:14,6
DA:15,6
DA:16,6
DA:17,6
DA:18,6
DA:19,2
DA:20,1
DA:21,1
DA:22,2
DA:23,6
DA:24,3
DA:25,3
DA:26,3
DA:27,3
DA:28,3
DA:29,2
DA:30,3
DA:31,1
DA:32,1
DA:33,3
DA:34,6
DA:35,0
DA:36,0
DA:37,3
DA:38,6
LF:38
LH:36
BRDA:1,0,0,5
BRDA:10,1,0,34
BRDA:11,2,0,33
BRDA:11,3,0,1
BRDA:13,4,0,6
BRDA:15,5,0,0
BRDA:17,6,0,0
BRDA:18,7,0,2
BRDA:19,8,0,1
BRDA:19,9,0,0
BRDA:19,10,0,1
BRDA:23,11,0,5
BRDA:23,12,0,3
BRDA:25,13,0,1
BRDA:26,14,0,2
BRDA:28,15,0,0
BRDA:29,16,0,2
BRDA:30,17,0,1
BRDA:34,18,0,0
BRDA:34,19,0,0
BRDA:37,20,0,3
BRF:21
BRH:15
end_of_record
TN:
SF:.core-dist/quiet-hours.js
FN:2,minutes
FN:12,formatter
FN:26,localParts
FN:28,get
FN:36,isMinuteInsideRange
FN:43,isQuietAt
FNF:6
FNH:6
FNDA:4274,minutes
FNDA:2137,formatter
FNDA:2137,localParts
FNDA:6411,get
FNDA:2140,isMinuteInsideRange
FNDA:2138,isQuietAt
DA:1,2
DA:2,4274
DA:3,4274
DA:4,4274
DA:5,4274
DA:6,4274
DA:7,4274
DA:8,4274
DA:9,4274
DA:10,4274
DA:11,4274
DA:12,2137
DA:13,2137
DA:14,2137
DA:15,2
DA:16,2
DA:17,2
DA:18,2
DA:19,2
DA:20,2
DA:21,2
DA:22,2
DA:23,2
DA:24,2137
DA:25,2137
DA:26,2137
DA:27,2137
DA:28,2137
DA:29,2137
DA:30,2137
DA:31,2137
DA:32,2137
DA:33,2137
DA:34,2137
DA:35,2137
DA:36,2
DA:37,2140
DA:38,2140
DA:39,2140
DA:40,2140
DA:41,2140
DA:42,2140
DA:43,2
DA:44,2138
DA:45,2138
DA:46,2137
DA:47,2138
DA:48,2138
DA:49,2138
DA:50,2138
LF:50
LH:50
BRDA:1,0,0,2
BRDA:2,1,0,4274
BRDA:5,2,0,0
BRDA:9,3,0,0
BRDA:12,4,0,2137
BRDA:14,5,0,2
BRDA:26,6,0,2137
BRDA:33,7,0,0
BRDA:28,8,0,6411
BRDA:28,9,0,19233
BRDA:36,10,0,2140
BRDA:38,11,0,0
BRDA:40,12,0,0
BRDA:41,13,0,1935
BRDA:43,14,0,2138
BRDA:45,15,0,1
BRDA:46,16,0,2137
BRDA:48,17,0,0
BRDA:48,18,0,2137
BRF:19
BRH:13
end_of_record
TN:
SF:.core-dist/recurrence-input.js
FN:3,compileStructuredRecurrence
FN:70,distinct
FNF:2
FNH:2
FNDA:7,compileStructuredRecurrence
FNDA:28,distinct
DA:1,1
DA:2,1
DA:3,1
DA:4,7
DA:5,7
DA:6,0
DA:7,0
DA:8,7
DA:9,7
DA:10,7
DA:11,7
DA:12,7
DA:13,7
DA:14,7
DA:15,7
DA:16,7
DA:17,7
DA:18,7
DA:19,7
DA:20,7
DA:21,7
DA:22,7
DA:23,7
DA:24,7
DA:25,7
DA:26,7
DA:27,7
DA:28,6
DA:29,6
DA:30,7
DA:31,4
DA:32,4
DA:33,3
DA:34,4
DA:35,1
DA:36,1
DA:37,4
DA:38,1
DA:39,1
DA:40,1
DA:41,1
DA:42,3
DA:43,7
DA:44,2
DA:45,2
DA:46,2
DA:47,1
DA:48,1
DA:49,7
DA:50,1
DA:51,1
DA:52,1
DA:53,0
DA:54,0
DA:55,1
DA:56,2
DA:57,2
DA:58,2
DA:59,2
DA:60,7
DA:61,2
DA:62,7
DA:63,2
DA:64,2
DA:65,2
DA:66,7
DA:67,7
DA:68,7
DA:69,7
DA:70,28
DA:71,28
DA:72,28
DA:73,28
DA:74,28
LF:74
LH:70
BRDA:1,0,0,1
BRDA:3,1,0,7
BRDA:5,2,0,0
BRDA:8,3,0,4
BRDA:10,4,0,3
BRDA:11,5,0,6
BRDA:13,6,0,0
BRDA:15,7,0,0
BRDA:17,8,0,5
BRDA:19,9,0,0
BRDA:21,10,0,0
BRDA:23,11,0,1
BRDA:24,12,0,2
BRDA:25,13,0,1
BRDA:26,14,0,6
BRDA:27,15,0,0
BRDA:28,16,0,6
BRDA:30,17,0,5
BRDA:30,18,0,4
BRDA:32,19,0,1
BRDA:33,20,0,3
BRDA:34,21,0,1
BRDA:37,22,0,2
BRDA:37,23,0,1
BRDA:42,24,0,3
BRDA:43,25,0,2
BRDA:46,26,0,1
BRDA:49,27,0,1
BRDA:51,28,0,0
BRDA:52,29,0,0
BRDA:56,30,0,2
BRDA:60,31,0,0
BRDA:61,32,0,2
BRDA:62,33,0,0
BRDA:63,34,0,2
BRDA:66,35,0,1
BRDA:66,36,0,1
BRDA:12,37,0,3
BRDA:70,38,0,28
BRDA:72,39,0,0
BRF:40
BRH:29
end_of_record
TN:
SF:.core-dist/recurrence-label.js
FN:9,everyDays
FN:11,everyWeeks
FN:13,everyMonths
FN:14,monthDay
FN:19,everyDays
FN:21,everyWeeks
FN:23,everyMonths
FN:24,monthDay
FN:29,everyDays
FN:31,everyWeeks
FN:33,everyMonths
FN:34,monthDay
FN:38,recurrenceLabel
FN:76,ordinal
FN:81,plural
FNF:15
FNH:5
FNDA:1,everyDays
FNDA:1,everyWeeks
FNDA:0,everyMonths
FNDA:2,monthDay
FNDA:0,everyDays
FNDA:0,everyWeeks
FNDA:0,everyMonths
FNDA:0,monthDay
FNDA:0,everyDays
FNDA:0,everyWeeks
FNDA:0,everyMonths
FNDA:0,monthDay
FNDA:59,recurrenceLabel
FNDA:0,ordinal
FNDA:2,plural
DA:1,2
DA:2,2
DA:3,2
DA:4,2
DA:5,2
DA:6,2
DA:7,2
DA:8,2
DA:9,2
DA:10,2
DA:11,2
DA:12,2
DA:13,2
DA:14,2
DA:15,2
DA:16,2
DA:17,2
DA:18,2
DA:19,2
DA:20,2
DA:21,2
DA:22,2
DA:23,2
DA:24,2
DA:25,2
DA:26,2
DA:27,2
DA:28,2
DA:29,2
DA:30,2
DA:31,2
DA:32,2
DA:33,2
DA:34,2
DA:35,2
DA:36,2
DA:37,2
DA:38,2
DA:39,59
DA:40,59
DA:41,8
DA:42,18
DA:43,18
DA:44,8
DA:45,59
DA:46,59
DA:47,59
DA:48,59
DA:49,59
DA:50,59
DA:51,6
DA:52,3
DA:53,3
DA:54,3
DA:55,3
DA:56,3
DA:57,3
DA:58,3
DA:59,3
DA:60,2
DA:61,2
DA:62,2
DA:63,2
DA:64,2
DA:65,2
DA:66,2
DA:67,8
DA:68,59
DA:69,59
DA:70,1
DA:71,1
DA:72,1
DA:73,1
DA:74,7
DA:75,59
DA:76,0
DA:77,0
DA:78,0
DA:79,0
DA:80,0
DA:81,2
DA:82,2
DA:83,2
DA:84,2
DA:85,2
DA:86,2
DA:87,2
DA:88,2
DA:89,2
LF:89
LH:84
BRDA:1,0,0,2
BRDA:9,1,0,1
BRDA:11,2,0,1
BRDA:14,3,0,2
BRDA:38,4,0,59
BRDA:40,5,0,51
BRDA:41,6,0,9
BRDA:41,7,0,8
BRDA:45,8,0,2
BRDA:45,9,0,0
BRDA:50,10,0,2
BRDA:50,11,0,1
BRDA:50,12,0,1
BRDA:51,13,0,6
BRDA:51,14,0,3
BRDA:52,15,0,0
BRDA:56,16,0,2
BRDA:56,17,0,1
BRDA:57,18,0,0
BRDA:59,19,0,2
BRDA:60,20,0,1
BRDA:64,21,0,0
BRDA:65,22,0,1
BRDA:65,23,0,1
BRDA:67,24,0,8
BRDA:68,25,0,1
BRDA:69,26,0,7
BRDA:69,27,0,1
BRDA:74,28,0,7
BRDA:41,29,0,18
BRDA:43,30,0,0
BRDA:43,31,0,0
BRDA:54,32,0,5
BRDA:62,33,0,3
BRDA:81,34,0,2
BRDA:84,35,0,0
BRDA:85,36,0,0
BRDA:86,37,0,0
BRDA:88,38,0,0
BRDA:88,39,0,0
BRDA:88,40,0,0
BRDA:88,41,0,0
BRF:42
BRH:29
end_of_record
TN:
SF:.core-dist/recurrence.js
FN:4,weekdayOf
FN:9,monthIndex
FN:13,monthDate
FN:21,parseRecurrenceRule
FN:70,recurrenceDates
FN:106,recurrenceAnchorLocalDate
FN:122,recurrenceAnchorLocalTime
FN:129,localTimeString
FN:133,projectExactField
FN:140,dueBoundaryForLocalDate
FN:143,statusForProjection
FN:152,buildProjectionForDate
FN:193,applyExpiry
FN:205,buildOneTimeOccurrence
FN:220,buildRecurringOccurrences
FNF:15
FNH:13
FNDA:4,weekdayOf
FNDA:2,monthIndex
FNDA:16,monthDate
FNDA:23,parseRecurrenceRule
FNDA:8,recurrenceDates
FNDA:17,recurrenceAnchorLocalDate
FNDA:0,recurrenceAnchorLocalTime
FNDA:32,localTimeString
FNDA:30,projectExactField
FNDA:0,dueBoundaryForLocalDate
FNDA:35,statusForProjection
FNDA:41,buildProjectionForDate
FNDA:23,applyExpiry
FNDA:13,buildOneTimeOccurrence
FNDA:8,buildRecurringOccurrences
DA:1,4
DA:2,4
DA:3,4
DA:4,4
DA:5,4
DA:6,4
DA:7,4
DA:8,4
DA:9,2
DA:10,2
DA:11,2
DA:12,2
DA:13,16
DA:14,16
DA:15,16
DA:16,16
DA:17,16
DA:18,16
DA:19,9
DA:20,16
DA:21,4
DA:22,23
DA:23,23
DA:24,23
DA:25,23
DA:26,23
DA:27,23
DA:28,23
DA:29,23
DA:30,39
DA:31,21
DA:32,23
DA:33,23
DA:34,23
DA:35,23
DA:36,23
DA:37,20
DA:38,23
DA:39,23
DA:40,23
DA:41,23
DA:42,23
DA:43,20
DA:44,23
DA:45,23
DA:46,23
DA:47,23
DA:48,23
DA:49,20
DA:50,23
DA:51,23
DA:52,8
DA:53,8
DA:54,7
DA:55,8
DA:56,7
DA:57,8
DA:58,8
DA:59,23
DA:60,23
DA:61,23
DA:62,23
DA:63,23
DA:64,23
DA:65,23
DA:66,23
DA:67,23
DA:68,23
DA:69,23
DA:70,8
DA:71,8
DA:72,8
DA:73,4
DA:74,4
DA:75,4
DA:76,4
DA:77,8
DA:78,3
DA:79,3
DA:80,3
DA:81,3
DA:82,12
DA:83,12
DA:84,12
DA:85,12
DA:86,14
DA:87,14
DA:88,14
DA:89,14
DA:90,9
DA:91,3
DA:92,3
DA:93,1
DA:94,8
DA:95,8
DA:96,8
DA:97,8
DA:98,16
DA:99,16
DA:100,16
DA:101,16
DA:102,16
DA:103,16
DA:104,1
DA:105,8
DA:106,4
DA:107,17
DA:108,14
DA:109,14
DA:110,0
DA:111,0
DA:112,14
DA:113,4
DA:114,2
DA:115,2
DA:116,0
DA:117,0
DA:118,2
DA:119,1
DA:120,17
DA:121,4
DA:122,4
DA:123,0
DA:124,0
DA:125,0
DA:126,0
DA:127,0
DA:128,0
DA:129,32
DA:130,32
DA:131,32
DA:132,32
DA:133,30
DA:134,30
DA:135,30
DA:136,30
DA:137,30
DA:138,30
DA:139,30
DA:140,0
DA:141,0
DA:142,0
DA:143,35
DA:144,35
DA:145,35
DA:146,3
DA:147,33
DA:148,3
DA:149,12
DA:150,1
DA:151,35
DA:152,41
DA:153,41
DA:154,41
DA:155,41
DA:156,41
DA:157,41
DA:158,41
DA:159,41
DA:160,14
DA:161,14
DA:162,14
DA:163,14
DA:164,14
DA:165,14
DA:166,27
DA:167,24
DA:168,24
DA:169,24
DA:170,24
DA:171,41
DA:172,3
DA:173,3
DA:174,3
DA:175,3
DA:176,41
DA:177,0
DA:178,0
DA:179,0
DA:180,41
DA:181,3
DA:182,3
DA:183,3
DA:184,3
DA:185,41
DA:186,0
DA:187,0
DA:188,0
DA:189,41
DA:190,41
DA:191,41
DA:192,41
DA:193,23
DA:194,23
DA:195,23
DA:196,16
DA:197,23
DA:198,13
DA:199,13
DA:200,13
DA:201,13
DA:202,13
DA:203,13
DA:204,23
DA:205,4
DA:206,13
DA:207,13
DA:208,12
DA:209,12
DA:210,12
DA:211,13
DA:212,13
DA:213,13
DA:214,13
DA:215,13
DA:216,13
DA:217,13
DA:218,13
DA:219,13
DA:220,4
DA:221,8
DA:222,8
DA:223,8
DA:224,8
DA:225,8
DA:226,8
DA:227,8
DA:228,0
DA:229,0
DA:230,8
DA:231,8
DA:232,8
DA:233,0
DA:234,0
DA:235,8
DA:236,8
DA:237,8
DA:238,8
DA:239,8
DA:240,8
DA:241,8
DA:242,8
DA:243,8
DA:244,8
DA:245,8
DA:246,8
DA:247,8
DA:248,0
DA:249,0
DA:250,0
DA:251,8
DA:252,8
DA:253,8
DA:254,8
DA:255,8
DA:256,8
DA:257,8
DA:258,41
DA:259,41
DA:260,41
DA:261,41
DA:262,41
DA:263,41
DA:264,23
DA:265,23
DA:266,23
DA:267,23
DA:268,23
DA:269,8
DA:270,8
DA:271,8
DA:272,8
DA:273,8
DA:274,8
LF:274
LH:248
BRDA:1,0,0,4
BRDA:4,1,0,4
BRDA:7,2,0,0
BRDA:9,3,0,2
BRDA:13,4,0,16
BRDA:17,5,0,9
BRDA:18,6,0,7
BRDA:19,7,0,9
BRDA:21,8,0,23
BRDA:29,9,0,39
BRDA:30,10,0,2
BRDA:31,11,0,21
BRDA:32,12,0,7
BRDA:32,13,0,2
BRDA:33,14,0,1
BRDA:34,15,0,20
BRDA:34,16,0,2
BRDA:34,17,0,18
BRDA:35,18,0,20
BRDA:35,19,0,20
BRDA:36,20,0,0
BRDA:37,21,0,20
BRDA:38,22,0,3
BRDA:38,23,0,17
BRDA:39,24,0,3
BRDA:40,25,0,0
BRDA:41,26,0,20
BRDA:41,27,0,3
BRDA:42,28,0,0
BRDA:43,29,0,20
BRDA:44,30,0,1
BRDA:44,31,0,19
BRDA:45,32,0,1
BRDA:46,33,0,0
BRDA:47,34,0,20
BRDA:47,35,0,1
BRDA:48,36,0,0
BRDA:49,37,0,20
BRDA:50,38,0,8
BRDA:50,39,0,12
BRDA:51,40,0,8
BRDA:52,41,0,7
BRDA:52,42,0,7
BRDA:53,43,0,1
BRDA:54,44,0,7
BRDA:55,45,0,16
BRDA:56,46,0,7
BRDA:57,47,0,1
BRDA:59,48,0,18
BRDA:59,49,0,6
BRDA:60,50,0,1
BRDA:61,51,0,17
BRDA:61,52,0,5
BRDA:65,53,0,3
BRDA:65,54,0,14
BRDA:66,55,0,1
BRDA:66,56,0,16
BRDA:67,57,0,5
BRDA:67,58,0,12
BRDA:25,59,0,39
BRDA:39,60,0,6
BRDA:45,61,0,1
BRDA:52,62,0,16
BRDA:70,63,0,8
BRDA:72,64,0,4
BRDA:74,65,0,12
BRDA:77,66,0,3
BRDA:80,67,0,1
BRDA:81,68,0,12
BRDA:84,69,0,3
BRDA:85,70,0,9
BRDA:85,71,0,14
BRDA:88,72,0,12
BRDA:90,73,0,9
BRDA:93,74,0,1
BRDA:94,75,0,0
BRDA:97,76,0,16
BRDA:100,77,0,9
BRDA:100,78,0,9
BRDA:101,79,0,9
BRDA:104,80,0,1
BRDA:80,81,0,2
BRDA:106,82,0,17
BRDA:107,83,0,4
BRDA:107,84,0,14
BRDA:110,85,0,0
BRDA:113,86,0,4
BRDA:113,87,0,3
BRDA:113,88,0,2
BRDA:116,89,0,0
BRDA:119,90,0,1
BRDA:129,91,0,32
BRDA:133,92,0,30
BRDA:143,93,0,35
BRDA:145,94,0,32
BRDA:146,95,0,33
BRDA:146,96,0,3
BRDA:147,97,0,0
BRDA:148,98,0,12
BRDA:148,99,0,3
BRDA:149,100,0,2
BRDA:149,101,0,0
BRDA:150,102,0,1
BRDA:152,103,0,41
BRDA:157,104,0,14
BRDA:157,105,0,27
BRDA:159,106,0,38
BRDA:159,107,0,14
BRDA:164,108,0,0
BRDA:166,109,0,27
BRDA:166,110,0,24
BRDA:171,111,0,3
BRDA:171,112,0,3
BRDA:176,113,0,0
BRDA:180,114,0,3
BRDA:185,115,0,0
BRDA:190,116,0,0
BRDA:193,117,0,23
BRDA:195,118,0,7
BRDA:196,119,0,16
BRDA:197,120,0,3
BRDA:198,121,0,13
BRDA:199,122,0,0
BRDA:201,123,0,0
BRDA:205,124,0,13
BRDA:207,125,0,1
BRDA:208,126,0,12
BRDA:211,127,0,11
BRDA:211,128,0,1
BRDA:212,129,0,0
BRDA:212,130,0,12
BRDA:213,131,0,0
BRDA:213,132,0,12
BRDA:214,133,0,1
BRDA:214,134,0,11
BRDA:215,135,0,1
BRDA:215,136,0,11
BRDA:220,137,0,8
BRDA:222,138,0,0
BRDA:224,139,0,0
BRDA:225,140,0,0
BRDA:227,141,0,2
BRDA:227,142,0,0
BRDA:227,143,0,0
BRDA:231,144,0,2
BRDA:231,145,0,2
BRDA:231,146,0,6
BRDA:232,147,0,2
BRDA:232,148,0,2
BRDA:232,149,0,0
BRDA:240,150,0,4
BRDA:240,151,0,4
BRDA:240,152,0,3
BRDA:240,153,0,1
BRDA:242,154,0,1
BRDA:242,155,0,1
BRDA:242,156,0,7
BRDA:244,157,0,0
BRDA:247,158,0,0
BRDA:247,159,0,0
BRDA:247,160,0,0
BRDA:251,161,0,7
BRDA:257,162,0,41
BRDA:260,163,0,0
BRDA:263,164,0,18
BRDA:264,165,0,23
BRDA:271,166,0,1
BRDA:271,167,0,1
BRDA:271,168,0,1
BRDA:272,169,0,1
BRDA:246,170,0,33
BRDA:246,171,0,19
BRDA:253,172,0,33
BRDA:254,173,0,32
BRDA:254,174,0,27
BRDA:254,175,0,42
BRDA:254,176,0,11
BRDA:254,177,0,6
BRDA:254,178,0,6
BRDA:254,179,0,41
BRDA:255,180,0,41
BRF:181
BRH:151
end_of_record
TN:
SF:.core-dist/reference-candidates.js
FN:8,withTaskCandidates
FNF:1
FNH:1
FNDA:4,withTaskCandidates
DA:1,1
DA:2,1
DA:3,1
DA:4,1
DA:5,1
DA:6,1
DA:7,1
DA:8,1
DA:9,4
DA:10,4
DA:11,4
DA:12,3
DA:13,3
DA:14,9
DA:15,9
DA:16,3
DA:17,3
DA:18,3
DA:19,3
DA:20,4
DA:21,2
DA:22,2
DA:23,2
DA:24,4
LF:24
LH:24
BRDA:1,0,0,1
BRDA:8,1,0,4
BRDA:11,2,0,1
BRDA:12,3,0,3
BRDA:20,4,0,1
BRDA:21,5,0,2
BRDA:13,6,0,9
BRDA:15,7,0,9
BRDA:18,8,0,4
BRDA:21,9,0,2
BRDA:22,10,0,1
BRDA:23,11,0,1
BRF:12
BRH:12
end_of_record
TN:
SF:.core-dist/reminder-defaults.js
FN:1,defaultReminderTemplates
FN:26,shouldMergeReminderContacts
FN:29,seenFollowUpMinutes
FNF:3
FNH:3
FNDA:6,defaultReminderTemplates
FNDA:2,shouldMergeReminderContacts
FNDA:3,seenFollowUpMinutes
DA:1,2
DA:2,6
DA:3,6
DA:4,2
DA:5,2
DA:6,2
DA:7,6
DA:8,1
DA:9,1
DA:10,6
DA:11,0
DA:12,0
DA:13,5
DA:14,3
DA:15,0
DA:16,0
DA:17,3
DA:18,2
DA:19,2
DA:20,1
DA:21,1
DA:22,1
DA:23,3
DA:24,4
DA:25,6
DA:26,2
DA:27,2
DA:28,2
DA:29,2
DA:30,3
DA:31,3
DA:32,2
DA:33,3
DA:34,3
DA:35,3
LF:35
LH:31
BRDA:1,0,0,2
BRDA:1,1,0,6
BRDA:3,2,0,5
BRDA:3,3,0,2
BRDA:7,4,0,4
BRDA:7,5,0,1
BRDA:10,6,0,4
BRDA:10,7,0,0
BRDA:10,8,0,0
BRDA:13,9,0,5
BRDA:13,10,0,4
BRDA:13,11,0,3
BRDA:14,12,0,0
BRDA:17,13,0,2
BRDA:20,14,0,1
BRDA:24,15,0,4
BRDA:4,16,0,4
BRDA:26,17,0,2
BRDA:29,18,0,3
BRDA:31,19,0,1
BRDA:32,20,0,2
BRDA:33,21,0,1
BRF:22
BRH:19
end_of_record
TN:
SF:.core-dist/reminder-escalation.js
FN:1,nextCriticalEscalationAt
FN:7,reminderBriefingBundleDecision
FNF:2
FNH:2
FNDA:2,nextCriticalEscalationAt
FNDA:4,reminderBriefingBundleDecision
DA:1,1
DA:2,2
DA:3,1
DA:4,1
DA:5,1
DA:6,2
DA:7,1
DA:8,4
DA:9,4
DA:10,4
DA:11,3
DA:12,4
DA:13,4
DA:14,2
DA:15,4
DA:16,4
DA:17,4
DA:18,4
LF:18
LH:18
BRDA:1,0,0,1
BRDA:1,1,0,2
BRDA:2,2,0,1
BRDA:7,3,0,4
BRDA:10,4,0,1
BRDA:11,5,0,3
BRDA:12,6,0,2
BRDA:13,7,0,1
BRDA:14,8,0,2
BRDA:15,9,0,0
BRDA:16,10,0,2
BRDA:17,11,0,1
BRDA:17,12,0,1
BRF:13
BRH:12
end_of_record
TN:
SF:.core-dist/reminder-planning.js
FN:5,ruleFromTemplate
FN:26,defaultRuleSpecs
FN:32,resolveAnchor
FN:43,resolveLocalDate
FN:60,resolveReminderIntent
FN:77,eventBoundary
FN:82,isAtEventStart
FN:89,taskBoundary
FN:94,staleForEvent
FN:98,nextNonQuietMinute
FN:109,applyNotificationPolicy
FN:133,planReminders
FNF:12
FNH:12
FNDA:5,ruleFromTemplate
FNDA:2,defaultRuleSpecs
FNDA:11,resolveAnchor
FNDA:3,resolveLocalDate
FNDA:14,resolveReminderIntent
FNDA:5,eventBoundary
FNDA:14,isAtEventStart
FNDA:4,taskBoundary
FNDA:5,staleForEvent
FNDA:4,nextNonQuietMinute
FNDA:15,applyNotificationPolicy
FNDA:9,planReminders
DA:1,1
DA:2,1
DA:3,1
DA:4,1
DA:5,5
DA:6,5
DA:7,2
DA:8,2
DA:9,2
DA:10,2
DA:11,2
DA:12,2
DA:13,2
DA:14,2
DA:15,2
DA:16,3
DA:17,3
DA:18,3
DA:19,3
DA:20,5
DA:21,5
DA:22,5
DA:23,5
DA:24,5
DA:25,5
DA:26,1
DA:27,2
DA:28,0
DA:29,0
DA:30,2
DA:31,2
DA:32,11
DA:33,11
DA:34,11
DA:35,1
DA:36,11
DA:37,1
DA:38,1
DA:39,0
DA:40,0
DA:41,0
DA:42,11
DA:43,3
DA:44,3
DA:45,3
DA:46,3
DA:47,3
DA:48,3
DA:49,3
DA:50,3
DA:51,0
DA:52,0
DA:53,0
DA:54,0
DA:55,0
DA:56,0
DA:57,0
DA:58,0
DA:59,3
DA:60,1
DA:61,14
DA:62,0
DA:63,0
DA:64,0
DA:65,0
DA:66,14
DA:67,11
DA:68,11
DA:69,11
DA:70,11
DA:71,11
DA:72,3
DA:73,14
DA:74,14
DA:75,14
DA:76,14
DA:77,5
DA:78,5
DA:79,5
DA:80,5
DA:81,5
DA:82,14
DA:83,14
DA:84,14
DA:85,14
DA:86,14
DA:87,14
DA:88,1
DA:89,4
DA:90,4
DA:91,4
DA:92,4
DA:93,4
DA:94,5
DA:95,5
DA:96,5
DA:97,5
DA:98,4
DA:99,4
DA:100,4
DA:101,4
DA:102,4
DA:103,2119
DA:104,2119
DA:105,2115
DA:106,2115
DA:107,0
DA:108,4
DA:109,1
DA:110,15
DA:111,15
DA:112,1
DA:113,1
DA:114,14
DA:115,15
DA:116,13
DA:117,15
DA:118,1
DA:119,1
DA:120,1
DA:121,1
DA:122,15
DA:123,4
DA:124,4
DA:125,4
DA:126,4
DA:127,4
DA:128,4
DA:129,4
DA:130,4
DA:131,12
DA:132,15
DA:133,1
DA:134,9
DA:135,9
DA:136,14
DA:137,14
DA:138,14
DA:139,13
DA:140,13
DA:141,9
DA:142,9
DA:143,9
DA:144,9
DA:145,9
DA:146,9
DA:147,13
DA:148,1
DA:149,1
DA:150,1
DA:151,12
DA:152,13
DA:153,1
DA:154,1
DA:155,1
DA:156,1
DA:157,1
DA:158,0
DA:159,0
DA:160,0
DA:161,1
DA:162,1
DA:163,1
DA:164,11
DA:165,11
DA:166,11
DA:167,13
DA:168,9
DA:169,9
LF:169
LH:148
BRDA:1,0,0,1
BRDA:5,1,0,5
BRDA:6,2,0,2
BRDA:16,3,0,3
BRDA:20,4,0,1
BRDA:20,5,0,2
BRDA:21,6,0,2
BRDA:26,7,0,2
BRDA:27,8,0,0
BRDA:30,9,0,5
BRDA:32,10,0,11
BRDA:34,11,0,10
BRDA:34,12,0,0
BRDA:35,13,0,1
BRDA:36,14,0,0
BRDA:37,15,0,1
BRDA:38,16,0,0
BRDA:39,17,0,0
BRDA:43,18,0,3
BRDA:45,19,0,0
BRDA:48,20,0,0
BRDA:48,21,0,0
BRDA:49,22,0,0
BRDA:49,23,0,0
BRDA:51,24,0,0
BRDA:60,25,0,14
BRDA:61,26,0,0
BRDA:66,27,0,11
BRDA:69,28,0,0
BRDA:70,29,0,0
BRDA:72,30,0,3
BRDA:74,31,0,0
BRDA:75,32,0,3
BRDA:75,33,0,0
BRDA:77,34,0,5
BRDA:79,35,0,4
BRDA:80,36,0,1
BRDA:80,37,0,1
BRDA:80,38,0,0
BRDA:80,39,0,0
BRDA:82,40,0,14
BRDA:83,41,0,5
BRDA:84,42,0,9
BRDA:85,43,0,5
BRDA:85,44,0,0
BRDA:86,45,0,5
BRDA:89,46,0,4
BRDA:91,47,0,1
BRDA:92,48,0,3
BRDA:92,49,0,0
BRDA:92,50,0,0
BRDA:92,51,0,0
BRDA:94,52,0,5
BRDA:96,53,0,1
BRDA:98,54,0,4
BRDA:100,55,0,0
BRDA:102,56,0,2119
BRDA:104,57,0,4
BRDA:105,58,0,2115
BRDA:107,59,0,0
BRDA:109,60,0,15
BRDA:111,61,0,1
BRDA:114,62,0,14
BRDA:115,63,0,1
BRDA:116,64,0,13
BRDA:117,65,0,1
BRDA:117,66,0,1
BRDA:120,67,0,0
BRDA:122,68,0,13
BRDA:122,69,0,12
BRDA:122,70,0,4
BRDA:127,71,0,3
BRDA:127,72,0,3
BRDA:127,73,0,2
BRDA:127,74,0,2
BRDA:129,75,0,1
BRDA:131,76,0,12
BRDA:133,77,0,9
BRDA:146,78,0,13
BRDA:147,79,0,1
BRDA:151,80,0,12
BRDA:152,81,0,4
BRDA:152,82,0,4
BRDA:152,83,0,1
BRDA:155,84,0,0
BRDA:156,85,0,0
BRDA:157,86,0,0
BRDA:157,87,0,0
BRDA:164,88,0,11
BRDA:135,89,0,14
BRDA:136,90,0,0
BRDA:138,91,0,1
BRDA:139,92,0,13
BRDA:142,93,0,14
BRDA:143,94,0,4
BRF:95
BRH:65
end_of_record
TN:
SF:.core-dist/reschedule.js
FN:3,rescheduledDefinition
FN:22,rescheduledOccurrenceStatus
FNF:2
FNH:2
FNDA:10,rescheduledDefinition
FNDA:2,rescheduledOccurrenceStatus
DA:1,1
DA:2,1
DA:3,1
DA:4,10
DA:5,10
DA:6,10
DA:7,10
DA:8,10
DA:9,10
DA:10,10
DA:11,10
DA:12,10
DA:13,10
DA:14,10
DA:15,10
DA:16,10
DA:17,10
DA:18,10
DA:19,10
DA:20,8
DA:21,10
DA:22,1
DA:23,2
DA:24,2
DA:25,2
DA:26,2
DA:27,2
DA:28,2
DA:29,2
DA:30,2
LF:30
LH:30
BRDA:1,0,0,1
BRDA:3,1,0,10
BRDA:5,2,0,7
BRDA:8,3,0,3
BRDA:8,4,0,7
BRDA:8,5,0,4
BRDA:9,6,0,5
BRDA:9,7,0,5
BRDA:10,8,0,0
BRDA:11,9,0,1
BRDA:11,10,0,9
BRDA:12,11,0,0
BRDA:13,12,0,1
BRDA:13,13,0,9
BRDA:14,14,0,3
BRDA:14,15,0,7
BRDA:15,16,0,3
BRDA:15,17,0,7
BRDA:19,18,0,2
BRDA:20,19,0,8
BRDA:22,20,0,2
BRDA:26,21,0,0
BRDA:27,22,0,0
BRDA:28,23,0,0
BRF:24
BRH:19
end_of_record
TN:
SF:.core-dist/result-check.js
FN:1,defaultResultCheckChoice
FN:6,resultCheckDelayMinutes
FNF:2
FNH:2
FNDA:2,defaultResultCheckChoice
FNDA:1,resultCheckDelayMinutes
DA:1,1
DA:2,2
DA:3,2
DA:4,1
DA:5,2
DA:6,1
DA:7,1
DA:8,1
DA:9,1
LF:9
LH:9
BRDA:1,0,0,1
BRDA:1,1,0,2
BRDA:3,2,0,1
BRDA:6,3,0,1
BRDA:7,4,0,0
BRF:5
BRH:4
end_of_record
TN:
SF:.core-dist/review-policy.js
FN:1,reviewQuestionLimit
FN:4,reviewClarificationDecision
FN:16,reviewCorrection
FN:28,reviewPresentation
FNF:4
FNH:4
FNDA:22,reviewQuestionLimit
FNDA:13,reviewClarificationDecision
FNDA:5,reviewCorrection
FNDA:5,reviewPresentation
DA:1,3
DA:2,22
DA:3,22
DA:4,3
DA:5,13
DA:6,13
DA:7,13
DA:8,13
DA:9,13
DA:10,13
DA:11,13
DA:12,13
DA:13,13
DA:14,13
DA:15,13
DA:16,3
DA:17,5
DA:18,4
DA:19,0
DA:20,0
DA:21,4
DA:22,4
DA:23,1
DA:24,1
DA:25,1
DA:26,0
DA:27,5
DA:28,3
DA:29,5
DA:30,5
DA:31,5
DA:32,5
DA:33,5
DA:34,5
DA:35,5
DA:36,5
LF:36
LH:33
BRDA:1,0,0,3
BRDA:1,1,0,22
BRDA:2,2,0,11
BRDA:2,3,0,11
BRDA:4,4,0,13
BRDA:8,5,0,4
BRDA:9,6,0,9
BRDA:9,7,0,7
BRDA:9,8,0,2
BRDA:11,9,0,7
BRDA:16,10,0,5
BRDA:17,11,0,4
BRDA:18,12,0,0
BRDA:23,13,0,1
BRDA:26,14,0,0
BRDA:28,15,0,5
BRDA:33,16,0,3
BRDA:33,17,0,2
BRF:18
BRH:16
end_of_record
TN:
SF:.core-dist/search-query.js
FN:41,searchTerms
FN:58,searchPrefix
FN:66,tsQueryFor
FNF:3
FNH:3
FNDA:15,searchTerms
FNDA:17,searchPrefix
FNDA:5,tsQueryFor
DA:1,2
DA:2,2
DA:3,2
DA:4,2
DA:5,2
DA:6,2
DA:7,2
DA:8,2
DA:9,2
DA:10,2
DA:11,2
DA:12,2
DA:13,2
DA:14,2
DA:15,2
DA:16,2
DA:17,2
DA:18,2
DA:19,2
DA:20,2
DA:21,2
DA:22,2
DA:23,2
DA:24,2
DA:25,2
DA:26,2
DA:27,2
DA:28,2
DA:29,2
DA:30,2
DA:31,2
DA:32,2
DA:33,2
DA:34,2
DA:35,2
DA:36,2
DA:37,2
DA:38,2
DA:39,2
DA:40,2
DA:41,2
DA:42,15
DA:43,15
DA:44,15
DA:45,60
DA:46,60
DA:47,18
DA:48,18
DA:49,18
DA:50,60
DA:51,60
DA:52,15
DA:53,15
DA:54,2
DA:55,2
DA:56,2
DA:57,2
DA:58,2
DA:59,17
DA:60,17
DA:61,6
DA:62,16
DA:63,1
DA:64,17
DA:65,2
DA:66,2
DA:67,5
DA:68,5
DA:69,5
DA:70,4
DA:71,5
LF:71
LH:71
BRDA:1,0,0,2
BRDA:41,1,0,15
BRDA:44,2,0,1
BRDA:44,3,0,60
BRDA:45,4,0,41
BRDA:45,5,0,41
BRDA:45,6,0,18
BRDA:46,7,0,42
BRDA:47,8,0,18
BRDA:50,9,0,0
BRDA:58,10,0,17
BRDA:60,11,0,11
BRDA:61,12,0,16
BRDA:61,13,0,6
BRDA:62,14,0,5
BRDA:63,15,0,1
BRDA:66,16,0,5
BRDA:69,17,0,1
BRDA:70,18,0,4
BRDA:70,19,0,7
BRF:20
BRH:19
end_of_record
TN:
SF:.core-dist/series-policy.js
FN:1,seriesOperationState
FNF:1
FNH:1
FNDA:4,seriesOperationState
DA:1,1
DA:2,4
DA:3,1
DA:4,1
DA:5,4
DA:6,0
DA:7,0
DA:8,4
DA:9,1
DA:10,1
DA:11,2
DA:12,4
DA:13,4
DA:14,4
DA:15,4
DA:16,4
DA:17,4
LF:17
LH:15
BRDA:1,0,0,1
BRDA:1,1,0,4
BRDA:2,2,0,1
BRDA:5,3,0,3
BRDA:5,4,0,0
BRDA:8,5,0,3
BRDA:8,6,0,1
BRDA:9,7,0,0
BRDA:11,8,0,2
BRDA:12,9,0,1
BRDA:12,10,0,1
BRF:11
BRH:9
end_of_record
TN:
SF:.core-dist/settings-change.js
FN:7,time
FN:18,atLeast15
FN:25,isIanaTimezone
FN:34,buildSettingsPatch
FNF:4
FNH:4
FNDA:7,time
FNDA:10,atLeast15
FNDA:3,isIanaTimezone
FNDA:14,buildSettingsPatch
DA:1,1
DA:2,1
DA:3,1
DA:4,1
DA:5,1
DA:6,1
DA:7,7
DA:8,7
DA:9,7
DA:10,7
DA:11,7
DA:12,7
DA:13,7
DA:14,1
DA:15,1
DA:16,6
DA:17,7
DA:18,10
DA:19,10
DA:20,10
DA:21,10
DA:22,10
DA:23,0
DA:24,10
DA:25,1
DA:26,3
DA:27,3
DA:28,3
DA:29,3
DA:30,3
DA:31,1
DA:32,1
DA:33,3
DA:34,1
DA:35,14
DA:36,14
DA:37,3
DA:38,3
DA:39,2
DA:40,3
DA:41,3
DA:42,14
DA:43,1
DA:44,14
DA:45,2
DA:46,2
DA:47,2
DA:48,2
DA:49,2
DA:50,14
DA:51,0
DA:52,0
DA:53,0
DA:54,0
DA:55,0
DA:56,0
DA:57,0
DA:58,14
DA:59,2
DA:60,2
DA:61,1
DA:62,1
DA:63,1
DA:64,1
DA:65,2
DA:66,2
DA:67,2
DA:68,2
DA:69,14
DA:70,0
DA:71,0
DA:72,0
DA:73,0
DA:74,0
DA:75,0
DA:76,14
DA:77,2
DA:78,2
DA:79,2
DA:80,1
DA:81,1
DA:82,1
DA:83,1
DA:84,1
DA:85,1
DA:86,2
DA:87,2
DA:88,2
DA:89,2
DA:90,2
DA:91,2
DA:92,14
DA:93,1
DA:94,14
DA:95,3
DA:96,1
DA:97,1
DA:98,1
DA:99,3
DA:100,0
DA:101,0
DA:102,3
DA:103,3
DA:104,3
DA:105,3
DA:106,3
DA:107,3
DA:108,3
DA:109,3
DA:110,3
DA:111,3
DA:112,3
DA:113,3
DA:114,3
DA:115,3
DA:116,3
DA:117,1
DA:118,1
DA:119,14
DA:120,14
LF:120
LH:104
BRDA:1,0,0,1
BRDA:7,1,0,7
BRDA:9,2,0,0
BRDA:13,3,0,1
BRDA:16,4,0,6
BRDA:18,5,0,10
BRDA:20,6,0,9
BRDA:21,7,0,1
BRDA:22,8,0,1
BRDA:23,9,0,0
BRDA:25,10,0,3
BRDA:30,11,0,1
BRDA:34,12,0,14
BRDA:36,13,0,3
BRDA:38,14,0,1
BRDA:39,15,0,2
BRDA:40,16,0,1
BRDA:40,17,0,1
BRDA:42,18,0,1
BRDA:43,19,0,0
BRDA:44,20,0,2
BRDA:47,21,0,1
BRDA:47,22,0,0
BRDA:48,23,0,0
BRDA:50,24,0,0
BRDA:58,25,0,2
BRDA:60,26,0,1
BRDA:65,27,0,1
BRDA:65,28,0,0
BRDA:66,29,0,1
BRDA:66,30,0,0
BRDA:69,31,0,0
BRDA:76,32,0,2
BRDA:79,33,0,1
BRDA:86,34,0,0
BRDA:87,35,0,1
BRDA:87,36,0,0
BRDA:88,37,0,1
BRDA:88,38,0,0
BRDA:89,39,0,1
BRDA:89,40,0,0
BRDA:92,41,0,1
BRDA:94,42,0,3
BRDA:95,43,0,1
BRDA:97,44,0,0
BRDA:99,45,0,0
BRDA:99,46,0,0
BRDA:106,47,0,1
BRDA:106,48,0,1
BRDA:108,49,0,1
BRDA:108,50,0,1
BRDA:109,51,0,2
BRDA:109,52,0,0
BRDA:109,53,0,2
BRDA:110,54,0,0
BRDA:110,55,0,2
BRDA:111,56,0,0
BRDA:111,57,0,2
BRDA:112,58,0,0
BRDA:112,59,0,2
BRDA:113,60,0,0
BRDA:113,61,0,2
BRDA:116,62,0,1
BRDA:96,63,0,4
BRDA:106,64,0,2
BRF:65
BRH:44
end_of_record
TN:
SF:.core-dist/task-policy.js
FN:3,present
FN:6,validateTaskDefinition
FN:133,taskCreatesOccurrence
FN:137,validateOneTimeTaskTiming
FN:142,validateConcreteTaskTiming
FN:164,validateNewTaskTiming
FN:167,isRescheduleReasonRequired
FNF:7
FNH:7
FNDA:26,present
FNDA:26,validateTaskDefinition
FNDA:1,taskCreatesOccurrence
FNDA:8,validateOneTimeTaskTiming
FNDA:9,validateConcreteTaskTiming
FNDA:3,validateNewTaskTiming
FNDA:4,isRescheduleReasonRequired
DA:1,2
DA:2,2
DA:3,26
DA:4,26
DA:5,26
DA:6,2
DA:7,26
DA:8,26
DA:9,26
DA:10,26
DA:11,1
DA:12,1
DA:13,26
DA:14,26
DA:15,26
DA:16,9
DA:17,9
DA:18,9
DA:19,9
DA:20,2
DA:21,2
DA:22,9
DA:23,26
DA:24,26
DA:25,26
DA:26,26
DA:27,26
DA:28,9
DA:29,9
DA:30,9
DA:31,9
DA:32,9
DA:33,1
DA:34,1
DA:35,9
DA:36,2
DA:37,2
DA:38,2
DA:39,2
DA:40,2
DA:41,2
DA:42,0
DA:43,0
DA:44,2
DA:45,9
DA:46,9
DA:47,9
DA:48,9
DA:49,9
DA:50,9
DA:51,1
DA:52,1
DA:53,1
DA:54,1
DA:55,1
DA:56,1
DA:57,1
DA:58,1
DA:59,0
DA:60,0
DA:61,1
DA:62,9
DA:63,26
DA:64,1
DA:65,1
DA:66,26
DA:67,1
DA:68,1
DA:69,1
DA:70,1
DA:71,1
DA:72,26
DA:73,26
DA:74,26
DA:75,1
DA:76,1
DA:77,26
DA:78,14
DA:79,14
DA:80,14
DA:81,1
DA:82,1
DA:83,14
DA:84,26
DA:85,1
DA:86,1
DA:87,1
DA:88,1
DA:89,1
DA:90,1
DA:91,1
DA:92,0
DA:93,0
DA:94,1
DA:95,1
DA:96,1
DA:97,26
DA:98,5
DA:99,5
DA:100,5
DA:101,5
DA:102,5
DA:103,5
DA:104,5
DA:105,0
DA:106,0
DA:107,5
DA:108,5
DA:109,5
DA:110,5
DA:111,5
DA:112,5
DA:113,5
DA:114,26
DA:115,6
DA:116,6
DA:117,6
DA:118,6
DA:119,6
DA:120,6
DA:121,6
DA:122,2
DA:123,2
DA:124,6
DA:125,26
DA:126,26
DA:127,26
DA:128,26
DA:129,26
DA:130,26
DA:131,26
DA:132,26
DA:133,2
DA:134,1
DA:135,1
DA:136,2
DA:137,2
DA:138,8
DA:139,8
DA:140,8
DA:141,8
DA:142,9
DA:143,9
DA:144,9
DA:145,9
DA:146,9
DA:147,9
DA:148,9
DA:149,9
DA:150,9
DA:151,36
DA:152,36
DA:153,36
DA:154,9
DA:155,9
DA:156,9
DA:157,9
DA:158,9
DA:159,18
DA:160,18
DA:161,18
DA:162,9
DA:163,9
DA:164,2
DA:165,3
DA:166,3
DA:167,2
DA:168,4
DA:169,4
DA:170,2
DA:171,4
LF:171
LH:163
BRDA:1,0,0,2
BRDA:3,1,0,26
BRDA:4,2,0,9
BRDA:4,3,0,9
BRDA:6,4,0,26
BRDA:10,5,0,1
BRDA:10,6,0,1
BRDA:13,7,0,9
BRDA:14,8,0,1
BRDA:15,9,0,9
BRDA:15,10,0,9
BRDA:19,11,0,2
BRDA:20,12,0,0
BRDA:23,13,0,17
BRDA:24,14,0,1
BRDA:25,15,0,17
BRDA:25,16,0,0
BRDA:26,17,0,0
BRDA:27,18,0,9
BRDA:30,19,0,0
BRDA:32,20,0,1
BRDA:35,21,0,2
BRDA:39,22,0,1
BRDA:41,23,0,0
BRDA:45,24,0,8
BRDA:47,25,0,0
BRDA:49,26,0,0
BRDA:50,27,0,1
BRDA:54,28,0,0
BRDA:56,29,0,0
BRDA:58,30,0,0
BRDA:63,31,0,7
BRDA:63,32,0,2
BRDA:63,33,0,1
BRDA:63,34,0,0
BRDA:63,35,0,1
BRDA:66,36,0,7
BRDA:66,37,0,2
BRDA:66,38,0,1
BRDA:67,39,0,0
BRDA:72,40,0,1
BRDA:73,41,0,0
BRDA:74,42,0,1
BRDA:74,43,0,0
BRDA:74,44,0,0
BRDA:74,45,0,1
BRDA:77,46,0,14
BRDA:79,47,0,0
BRDA:80,48,0,13
BRDA:80,49,0,13
BRDA:80,50,0,1
BRDA:84,51,0,1
BRDA:88,52,0,0
BRDA:89,53,0,0
BRDA:90,54,0,0
BRDA:91,55,0,0
BRDA:91,56,0,0
BRDA:91,57,0,0
BRDA:95,58,0,0
BRDA:97,59,0,5
BRDA:99,60,0,0
BRDA:100,61,0,1
BRDA:101,62,0,1
BRDA:102,63,0,0
BRDA:103,64,0,0
BRDA:104,65,0,2
BRDA:104,66,0,0
BRDA:104,67,0,0
BRDA:107,68,0,3
BRDA:107,69,0,2
BRDA:108,70,0,1
BRDA:109,71,0,3
BRDA:109,72,0,0
BRDA:110,73,0,0
BRDA:112,74,0,0
BRDA:114,75,0,6
BRDA:116,76,0,2
BRDA:117,77,0,5
BRDA:118,78,0,1
BRDA:120,79,0,0
BRDA:121,80,0,4
BRDA:121,81,0,4
BRDA:121,82,0,4
BRDA:121,83,0,4
BRDA:121,84,0,2
BRDA:125,85,0,9
BRDA:126,86,0,0
BRDA:127,87,0,9
BRDA:127,88,0,9
BRDA:128,89,0,0
BRDA:129,90,0,17
BRDA:130,91,0,1
BRDA:131,92,0,16
BRDA:131,93,0,10
BRDA:133,94,0,1
BRDA:137,95,0,8
BRDA:139,96,0,0
BRDA:142,97,0,9
BRDA:150,98,0,36
BRDA:151,99,0,12
BRDA:152,100,0,6
BRDA:158,101,0,18
BRDA:159,102,0,2
BRDA:160,103,0,2
BRDA:164,104,0,3
BRDA:165,105,0,1
BRDA:165,106,0,2
BRDA:167,107,0,4
BRDA:168,108,0,3
BRDA:169,109,0,2
BRF:110
BRH:75
end_of_record
TN:
SF:.core-dist/telegram-ux.js
FN:2,quickRescheduleSchedule
FN:29,scheduleAt
FN:38,formatLocalTime
FN:45,compactText
FNF:4
FNH:4
FNDA:6,quickRescheduleSchedule
FNDA:4,scheduleAt
FNDA:1,formatLocalTime
FNDA:1,compactText
DA:1,1
DA:2,1
DA:3,6
DA:4,6
DA:5,6
DA:6,6
DA:7,2
DA:8,2
DA:9,2
DA:10,6
DA:11,1
DA:12,1
DA:13,1
DA:14,1
DA:15,1
DA:16,1
DA:17,3
DA:18,6
DA:19,6
DA:20,6
DA:21,6
DA:22,6
DA:23,6
DA:24,6
DA:25,6
DA:26,6
DA:27,6
DA:28,6
DA:29,4
DA:30,4
DA:31,4
DA:32,4
DA:33,1
DA:34,1
DA:35,1
DA:36,3
DA:37,4
DA:38,1
DA:39,1
DA:40,1
DA:41,1
DA:42,1
DA:43,1
DA:44,1
DA:45,1
DA:46,1
DA:47,1
DA:48,1
DA:49,1
DA:50,1
LF:50
LH:50
BRDA:1,0,0,1
BRDA:2,1,0,6
BRDA:5,2,0,5
BRDA:6,3,0,2
BRDA:10,4,0,4
BRDA:10,5,0,1
BRDA:17,6,0,3
BRDA:18,7,0,1
BRDA:19,8,0,1
BRDA:20,9,0,2
BRDA:20,10,0,1
BRDA:20,11,0,1
BRDA:21,12,0,1
BRDA:22,13,0,0
BRDA:23,14,0,0
BRDA:24,15,0,1
BRDA:24,16,0,0
BRDA:24,17,0,1
BRDA:25,18,0,1
BRDA:25,19,0,0
BRDA:29,20,0,4
BRDA:31,21,0,0
BRDA:32,22,0,1
BRDA:33,23,0,0
BRDA:36,24,0,3
BRDA:38,25,0,1
BRDA:45,26,0,1
BRDA:48,27,0,0
BRF:28
BRH:21
end_of_record
TN:
SF:.core-dist/time-presentation.js
FN:6,formatLocalDateTime
FN:17,localYear
FN:21,intlLocale
FN:30,formatLocalTime
FN:34,formatLocalDateLabel
FN:41,scheduleLabel
FN:61,formatOccurrenceSchedule
FN:70,reminderAddsTimingInformation
FN:77,relativeDayLabel
FN:96,formatWhenForModel
FN:98,day
FN:119,localWeekdayName
FNF:12
FNH:12
FNDA:16,formatLocalDateTime
FNDA:28,localYear
FNDA:13,intlLocale
FNDA:59,formatLocalTime
FNDA:17,formatLocalDateLabel
FNDA:7,scheduleLabel
FNDA:5,formatOccurrenceSchedule
FNDA:4,reminderAddsTimingInformation
FNDA:60,relativeDayLabel
FNDA:61,formatWhenForModel
FNDA:56,day
FNDA:2,localWeekdayName
DA:1,4
DA:2,4
DA:3,4
DA:4,4
DA:5,4
DA:6,4
DA:7,16
DA:8,16
DA:9,16
DA:10,16
DA:11,16
DA:12,16
DA:13,16
DA:14,16
DA:15,16
DA:16,16
DA:17,28
DA:18,28
DA:19,28
DA:20,4
DA:21,4
DA:22,13
DA:23,13
DA:24,4
DA:25,4
DA:26,4
DA:27,4
DA:28,4
DA:29,4
DA:30,4
DA:31,59
DA:32,59
DA:33,4
DA:34,4
DA:35,17
DA:36,17
DA:37,17
DA:38,17
DA:39,17
DA:40,4
DA:41,4
DA:42,7
DA:43,7
DA:44,7
DA:45,0
DA:46,0
DA:47,0
DA:48,0
DA:49,0
DA:50,7
DA:51,7
DA:52,1
DA:53,7
DA:54,1
DA:55,7
DA:56,1
DA:57,1
DA:58,0
DA:59,7
DA:60,4
DA:61,4
DA:62,5
DA:63,5
DA:64,4
DA:65,4
DA:66,5
DA:67,5
DA:68,5
DA:69,4
DA:70,4
DA:71,4
DA:72,4
DA:73,4
DA:74,3
DA:75,4
DA:76,4
DA:77,4
DA:78,60
DA:79,60
DA:80,60
DA:81,60
DA:82,45
DA:83,60
DA:84,17
DA:85,60
DA:86,16
DA:87,60
DA:88,60
DA:89,16
DA:90,16
DA:91,60
DA:92,4
DA:93,4
DA:94,4
DA:95,4
DA:96,4
DA:97,61
DA:98,61
DA:99,61
DA:100,51
DA:101,51
DA:102,51
DA:103,3
DA:104,51
DA:105,51
DA:106,10
DA:107,61
DA:108,8
DA:109,61
DA:110,6
DA:111,61
DA:112,61
DA:113,3
DA:114,3
DA:115,3
DA:116,2
DA:117,61
DA:118,4
DA:119,4
DA:120,2
DA:121,2
DA:122,2
LF:122
LH:116
BRDA:1,0,0,4
BRDA:6,1,0,16
BRDA:7,2,0,14
BRDA:12,3,0,3
BRDA:12,4,0,13
BRDA:17,5,0,28
BRDA:21,6,0,13
BRDA:22,7,0,0
BRDA:22,8,0,0
BRDA:30,9,0,59
BRDA:34,10,0,17
BRDA:37,11,0,0
BRDA:38,12,0,15
BRDA:38,13,0,2
BRDA:41,14,0,7
BRDA:44,15,0,6
BRDA:44,16,0,0
BRDA:51,17,0,6
BRDA:52,18,0,1
BRDA:53,19,0,0
BRDA:54,20,0,1
BRDA:55,21,0,0
BRDA:56,22,0,1
BRDA:58,23,0,0
BRDA:61,24,0,5
BRDA:62,25,0,2
BRDA:62,26,0,1
BRDA:63,27,0,4
BRDA:66,28,0,1
BRDA:67,29,0,1
BRDA:67,30,0,0
BRDA:70,31,0,4
BRDA:71,32,0,1
BRDA:71,33,0,1
BRDA:73,34,0,1
BRDA:74,35,0,3
BRDA:77,36,0,60
BRDA:81,37,0,15
BRDA:82,38,0,45
BRDA:83,39,0,28
BRDA:84,40,0,17
BRDA:85,41,0,1
BRDA:86,42,0,16
BRDA:87,43,0,16
BRDA:88,44,0,0
BRDA:89,45,0,16
BRDA:96,46,0,61
BRDA:99,47,0,51
BRDA:102,48,0,48
BRDA:103,49,0,3
BRDA:104,50,0,2
BRDA:104,51,0,1
BRDA:106,52,0,10
BRDA:107,53,0,2
BRDA:108,54,0,8
BRDA:109,55,0,2
BRDA:110,56,0,6
BRDA:111,57,0,1
BRDA:112,58,0,5
BRDA:112,59,0,3
BRDA:113,60,0,2
BRDA:113,61,0,1
BRDA:116,62,0,2
BRDA:98,63,0,56
BRDA:119,64,0,2
BRF:65
BRH:56
end_of_record
TN:
SF:.core-dist/timezone.js
FN:2,formatter
FN:19,partMap
FN:24,localDateTimeAt
FN:26,read
FN:41,formatLocalDate
FN:44,localDateAt
FN:47,parseLocalDate
FN:60,parseLocalTime
FN:70,shiftLocalDate
FN:75,compareLocalDates
FN:78,daysBetweenLocalDates
FN:83,scalar
FN:86,sameLocal
FN:94,localDateTimeToUtc
FN:103,alignSecond
FN:136,localDateAndTimeToUtc
FN:141,startOfLocalDateUtc
FN:144,formatIsoInstantInTimezone
FNF:18
FNH:17
FNDA:1816,formatter
FNDA:1816,partMap
FNDA:1816,localDateTimeAt
FNDA:10896,read
FNDA:1365,formatLocalDate
FNDA:224,localDateAt
FNDA:321,parseLocalDate
FNDA:107,parseLocalTime
FNDA:162,shiftLocalDate
FNDA:238,compareLocalDates
FNDA:30,daysBetweenLocalDates
FNDA:1229,scalar
FNDA:325,sameLocal
FNDA:65,localDateTimeToUtc
FNDA:325,alignSecond
FNDA:65,localDateAndTimeToUtc
FNDA:0,startOfLocalDateUtc
FNDA:6,formatIsoInstantInTimezone
DA:1,16
DA:2,1816
DA:3,1816
DA:4,1816
DA:5,13
DA:6,13
DA:7,13
DA:8,13
DA:9,13
DA:10,13
DA:11,13
DA:12,13
DA:13,13
DA:14,13
DA:15,13
DA:16,13
DA:17,1816
DA:18,1816
DA:19,1816
DA:20,1816
DA:21,1816
DA:22,1816
DA:23,1816
DA:24,16
DA:25,1816
DA:26,1816
DA:27,10896
DA:28,10896
DA:29,10896
DA:30,10896
DA:31,1816
DA:32,1816
DA:33,1816
DA:34,1816
DA:35,1816
DA:36,1816
DA:37,1816
DA:38,1816
DA:39,1816
DA:40,1816
DA:41,16
DA:42,1365
DA:43,1365
DA:44,16
DA:45,224
DA:46,224
DA:47,16
DA:48,321
DA:49,321
DA:50,321
DA:51,321
DA:52,321
DA:53,321
DA:54,321
DA:55,321
DA:56,0
DA:57,0
DA:58,321
DA:59,321
DA:60,16
DA:61,107
DA:62,107
DA:63,107
DA:64,107
DA:65,107
DA:66,107
DA:67,107
DA:68,106
DA:69,107
DA:70,16
DA:71,162
DA:72,162
DA:73,162
DA:74,162
DA:75,16
DA:76,238
DA:77,238
DA:78,16
DA:79,30
DA:80,30
DA:81,30
DA:82,30
DA:83,1229
DA:84,1229
DA:85,1229
DA:86,325
DA:87,325
DA:88,325
DA:89,16
DA:90,16
DA:91,16
DA:92,16
DA:93,16
DA:94,16
DA:95,65
DA:96,65
DA:97,65
DA:98,260
DA:99,260
DA:100,260
DA:101,65
DA:102,65
DA:103,65
DA:104,325
DA:105,325
DA:106,65
DA:107,65
DA:108,65
DA:109,65
DA:110,325
DA:111,325
DA:112,325
DA:113,325
DA:114,325
DA:115,65
DA:116,65
DA:117,2
DA:118,2
DA:119,2
DA:120,2
DA:121,2
DA:122,65
DA:123,962
DA:124,962
DA:125,962
DA:126,902
DA:127,902
DA:128,962
DA:129,962
DA:130,962
DA:131,962
DA:132,2
DA:133,8
DA:134,2
DA:135,65
DA:136,16
DA:137,65
DA:138,65
DA:139,65
DA:140,65
DA:141,16
DA:142,0
DA:143,0
DA:144,16
DA:145,6
DA:146,6
DA:147,6
DA:148,6
DA:149,6
DA:150,6
DA:151,6
DA:152,6
DA:153,6
DA:154,6
LF:154
LH:150
BRDA:1,0,0,16
BRDA:2,1,0,1816
BRDA:4,2,0,13
BRDA:19,3,0,1816
BRDA:22,4,0,19976
BRDA:24,5,0,1816
BRDA:26,6,0,10896
BRDA:29,7,0,0
BRDA:41,8,0,1365
BRDA:44,9,0,224
BRDA:47,10,0,321
BRDA:50,11,0,0
BRDA:55,12,0,0
BRDA:60,13,0,107
BRDA:63,14,0,0
BRDA:66,15,0,106
BRDA:67,16,0,1
BRDA:68,17,0,106
BRDA:70,18,0,162
BRDA:75,19,0,238
BRDA:76,20,0,70
BRDA:76,21,0,168
BRDA:76,22,0,130
BRDA:76,23,0,38
BRDA:78,24,0,30
BRDA:83,25,0,1229
BRDA:86,26,0,325
BRDA:87,27,0,307
BRDA:87,28,0,63
BRDA:87,29,0,63
BRDA:94,30,0,65
BRDA:97,31,0,260
BRDA:109,32,0,325
BRDA:113,33,0,63
BRDA:116,34,0,64
BRDA:116,35,0,63
BRDA:117,36,0,2
BRDA:122,37,0,8
BRDA:122,38,0,962
BRDA:125,39,0,60
BRDA:126,40,0,902
BRDA:128,41,0,360
BRDA:129,42,0,542
BRDA:129,43,0,540
BRDA:129,44,0,540
BRDA:129,45,0,0
BRDA:130,46,0,2
BRDA:132,47,0,2
BRDA:133,48,0,0
BRDA:134,49,0,2
BRDA:103,50,0,325
BRDA:109,51,0,325
BRDA:136,52,0,65
BRDA:144,53,0,6
BRDA:149,54,0,0
BRF:55
BRH:48
end_of_record
TN:
SF:.core-dist/turn-context.js
FN:12,currentOccurrence
FN:19,occurrenceAnchor
FN:27,taskAnchor
FN:39,compareAnchors
FN:56,selectTasksForContext
FN:86,tasksNote
FN:100,composeTurnContext
FN:251,taskState
FN:265,modelSettings
FN:289,modelReview
FN:308,budgetModelContext
FN:309,size
FNF:12
FNH:12
FNDA:54,currentOccurrence
FNDA:227,occurrenceAnchor
FNDA:226,taskAnchor
FNDA:557,compareAnchors
FNDA:4,selectTasksForContext
FNDA:26,tasksNote
FNDA:6,composeTurnContext
FNDA:51,taskState
FNDA:1,modelSettings
FNDA:1,modelReview
FNDA:2,budgetModelContext
FNDA:28,size
DA:1,1
DA:2,1
DA:3,1
DA:4,1
DA:5,1
DA:6,1
DA:7,1
DA:8,1
DA:9,1
DA:10,1
DA:11,1
DA:12,1
DA:13,54
DA:14,54
DA:15,50
DA:16,50
DA:17,54
DA:18,54
DA:19,227
DA:20,227
DA:21,227
DA:22,227
DA:23,227
DA:24,227
DA:25,227
DA:26,1
DA:27,1
DA:28,226
DA:29,226
DA:30,226
DA:31,3
DA:32,226
DA:33,226
DA:34,226
DA:35,226
DA:36,226
DA:37,226
DA:38,226
DA:39,557
DA:40,557
DA:41,557
DA:42,557
DA:43,557
DA:44,556
DA:45,557
DA:46,554
DA:47,557
DA:48,1
DA:49,1
DA:50,1
DA:51,1
DA:52,1
DA:53,1
DA:54,1
DA:55,1
DA:56,1
DA:57,4
DA:58,4
DA:59,4
DA:60,4
DA:61,4
DA:62,4
DA:63,4
DA:64,4
DA:65,2
DA:66,2
DA:67,2
DA:68,2
DA:69,2
DA:70,2
DA:71,2
DA:72,4
DA:73,2
DA:74,4
DA:75,2
DA:76,2
DA:77,2
DA:78,2
DA:79,0
DA:80,0
DA:81,2
DA:82,4
DA:83,2
DA:84,2
DA:85,4
DA:86,1
DA:87,26
DA:88,26
DA:89,26
DA:90,26
DA:91,26
DA:92,26
DA:93,1
DA:94,1
DA:95,1
DA:96,1
DA:97,1
DA:98,1
DA:99,1
DA:100,1
DA:101,6
DA:102,6
DA:103,6
DA:104,6
DA:105,6
DA:106,6
DA:107,6
DA:108,6
DA:109,6
DA:110,6
DA:111,2
DA:112,2
DA:113,1
DA:114,1
DA:115,1
DA:116,6
DA:117,6
DA:118,8
DA:119,8
DA:120,5
DA:121,5
DA:122,5
DA:123,5
DA:124,6
DA:125,6
DA:126,6
DA:127,6
DA:128,2
DA:129,2
DA:130,2
DA:131,2
DA:132,1
DA:133,1
DA:134,2
DA:135,2
DA:136,2
DA:137,1
DA:138,1
DA:139,6
DA:140,6
DA:141,2
DA:142,2
DA:143,2
DA:144,2
DA:145,6
DA:146,6
DA:147,51
DA:148,51
DA:149,51
DA:150,51
DA:151,51
DA:152,51
DA:153,51
DA:154,51
DA:155,51
DA:156,51
DA:157,51
DA:158,51
DA:159,51
DA:160,51
DA:161,51
DA:162,51
DA:163,51
DA:164,51
DA:165,51
DA:166,51
DA:167,51
DA:168,51
DA:169,51
DA:170,51
DA:171,51
DA:172,51
DA:173,51
DA:174,51
DA:175,1
DA:176,1
DA:177,1
DA:178,51
DA:179,51
DA:180,51
DA:181,51
DA:182,51
DA:183,51
DA:184,51
DA:185,51
DA:186,51
DA:187,6
DA:188,6
DA:189,1
DA:190,1
DA:191,1
DA:192,1
DA:193,6
DA:194,1
DA:195,1
DA:196,1
DA:197,1
DA:198,1
DA:199,1
DA:200,1
DA:201,1
DA:202,1
DA:203,1
DA:204,1
DA:205,6
DA:206,6
DA:207,6
DA:208,6
DA:209,6
DA:210,6
DA:211,6
DA:212,6
DA:213,6
DA:214,6
DA:215,6
DA:216,6
DA:217,6
DA:218,6
DA:219,6
DA:220,6
DA:221,1
DA:222,1
DA:223,1
DA:224,1
DA:225,6
DA:226,6
DA:227,6
DA:228,6
DA:229,6
DA:230,1
DA:231,1
DA:232,6
DA:233,6
DA:234,6
DA:235,6
DA:236,6
DA:237,6
DA:238,51
DA:239,51
DA:240,51
DA:241,51
DA:242,51
DA:243,51
DA:244,51
DA:245,6
DA:246,6
DA:247,6
DA:248,6
DA:249,6
DA:250,6
DA:251,51
DA:252,51
DA:253,51
DA:254,50
DA:255,51
DA:256,47
DA:257,51
DA:258,51
DA:259,51
DA:260,51
DA:261,45
DA:262,51
DA:263,44
DA:264,51
DA:265,1
DA:266,1
DA:267,1
DA:268,1
DA:269,1
DA:270,1
DA:271,1
DA:272,1
DA:273,1
DA:274,1
DA:275,1
DA:276,1
DA:277,1
DA:278,1
DA:279,1
DA:280,1
DA:281,1
DA:282,1
DA:283,1
DA:284,1
DA:285,1
DA:286,1
DA:287,1
DA:288,1
DA:289,1
DA:290,1
DA:291,1
DA:292,1
DA:293,1
DA:294,1
DA:295,1
DA:296,1
DA:297,1
DA:298,1
DA:299,1
DA:300,1
DA:301,1
DA:302,1
DA:303,1
DA:304,1
DA:305,1
DA:306,1
DA:307,1
DA:308,1
DA:309,2
DA:310,2
DA:311,2
DA:312,1
DA:313,1
DA:314,2
DA:315,1
DA:316,1
DA:317,1
DA:318,1
DA:319,1
DA:320,2
DA:321,1
DA:322,1
DA:323,2
DA:324,23
DA:325,23
DA:326,1
DA:327,2
DA:328,1
DA:329,2
LF:329
LH:327
BRDA:1,0,0,1
BRDA:12,1,0,54
BRDA:14,2,0,4
BRDA:15,3,0,50
BRDA:17,4,0,0
BRDA:16,5,0,55
BRDA:17,6,0,3
BRDA:17,7,0,0
BRDA:17,8,0,0
BRDA:17,9,0,2
BRDA:19,10,0,227
BRDA:20,11,0,0
BRDA:23,12,0,0
BRDA:24,13,0,0
BRDA:24,14,0,0
BRDA:27,15,0,226
BRDA:28,16,0,3
BRDA:30,17,0,223
BRDA:31,18,0,3
BRDA:32,19,0,1
BRDA:32,20,0,0
BRDA:33,21,0,2
BRDA:33,22,0,1
BRDA:35,23,0,1
BRDA:37,24,0,0
BRDA:37,25,0,1
BRDA:28,26,0,223
BRDA:39,27,0,557
BRDA:40,28,0,1
BRDA:41,29,0,0
BRDA:43,30,0,1
BRDA:44,31,0,556
BRDA:45,32,0,2
BRDA:46,33,0,554
BRDA:56,34,0,4
BRDA:64,35,0,2
BRDA:72,36,0,10
BRDA:73,37,0,2
BRDA:74,38,0,70
BRDA:75,39,0,2
BRDA:79,40,0,0
BRDA:82,41,0,1
BRDA:83,42,0,2
BRDA:60,43,0,226
BRDA:61,44,0,555
BRDA:61,45,0,0
BRDA:61,46,0,0
BRDA:62,47,0,226
BRDA:66,48,0,220
BRDA:67,49,0,220
BRDA:83,50,0,220
BRDA:86,51,0,26
BRDA:88,52,0,0
BRDA:90,53,0,0
BRDA:100,54,0,6
BRDA:110,55,0,2
BRDA:111,56,0,1
BRDA:112,57,0,1
BRDA:117,58,0,8
BRDA:118,59,0,7
BRDA:118,60,0,6
BRDA:119,61,0,3
BRDA:120,62,0,5
BRDA:127,63,0,2
BRDA:130,64,0,1
BRDA:131,65,0,1
BRDA:136,66,0,1
BRDA:140,67,0,5
BRDA:140,68,0,2
BRDA:143,69,0,1
BRDA:188,70,0,1
BRDA:191,71,0,0
BRDA:206,72,0,5
BRDA:214,73,0,1
BRDA:214,74,0,5
BRDA:217,75,0,1
BRDA:217,76,0,5
BRDA:220,77,0,1
BRDA:223,78,0,0
BRDA:223,79,0,0
BRDA:225,80,0,5
BRDA:229,81,0,1
BRDA:232,82,0,5
BRDA:233,83,0,1
BRDA:233,84,0,5
BRDA:234,85,0,1
BRDA:234,86,0,5
BRDA:103,87,0,51
BRDA:105,88,0,1
BRDA:146,89,0,51
BRDA:147,90,0,3
BRDA:149,91,0,48
BRDA:149,92,0,6
BRDA:149,93,0,46
BRDA:149,94,0,3
BRDA:153,95,0,3
BRDA:156,96,0,1
BRDA:158,97,0,1
BRDA:161,98,0,1
BRDA:162,99,0,48
BRDA:162,100,0,3
BRDA:164,101,0,4
BRDA:167,102,0,1
BRDA:168,103,0,2
BRDA:169,104,0,1
BRDA:170,105,0,1
BRDA:173,106,0,1
BRDA:174,107,0,48
BRDA:174,108,0,1
BRDA:185,109,0,1
BRDA:170,110,0,5
BRDA:193,111,0,1
BRDA:198,112,0,0
BRDA:206,113,0,1
BRDA:208,114,0,4
BRDA:208,115,0,2
BRDA:208,116,0,0
BRDA:209,117,0,1
BRDA:211,118,0,2
BRDA:216,119,0,6
BRDA:237,120,0,51
BRDA:246,121,0,1
BRDA:247,122,0,6
BRDA:251,123,0,51
BRDA:253,124,0,1
BRDA:254,125,0,50
BRDA:255,126,0,3
BRDA:256,127,0,47
BRDA:257,128,0,1
BRDA:258,129,0,46
BRDA:258,130,0,45
BRDA:258,131,0,44
BRDA:258,132,0,0
BRDA:259,133,0,45
BRDA:260,134,0,1
BRDA:261,135,0,45
BRDA:262,136,0,1
BRDA:263,137,0,44
BRDA:265,138,0,1
BRDA:266,139,0,0
BRDA:269,140,0,0
BRDA:270,141,0,0
BRDA:271,142,0,0
BRDA:272,143,0,0
BRDA:272,144,0,0
BRDA:275,145,0,0
BRDA:278,146,0,0
BRDA:266,147,0,2
BRDA:289,148,0,1
BRDA:308,149,0,2
BRDA:311,150,0,1
BRDA:314,151,0,0
BRDA:315,152,0,1
BRDA:320,153,0,0
BRDA:321,154,0,1
BRDA:323,155,0,24
BRDA:323,156,0,23
BRDA:326,157,0,1
BRDA:327,158,0,0
BRDA:328,159,0,1
BRDA:309,160,0,28
BRDA:317,161,0,30
BRDA:317,162,0,0
BRF:163
BRH:130
end_of_record
TN:
SF:.core-dist/voice-policy.js
FN:1,voiceWithinLimits
FNF:1
FNH:1
FNDA:5,voiceWithinLimits
DA:1,1
DA:2,5
DA:3,5
LF:3
LH:3
BRDA:1,0,0,1
BRDA:1,1,0,5
BRDA:2,2,0,4
BRDA:2,3,0,3
BRDA:2,4,0,2
BRF:5
BRH:5
end_of_record
TN:
SF:.core-dist/weekly-review-policy.js
FN:3,isWeeklyReviewGoalStatus
FN:6,isWeeklyMovementEvent
FN:9,aggregateHistoricalGoalMovement
FN:23,habitCompletionStats
FNF:4
FNH:4
FNDA:4,isWeeklyReviewGoalStatus
FNDA:10,isWeeklyMovementEvent
FNDA:2,aggregateHistoricalGoalMovement
FNDA:3,habitCompletionStats
DA:1,1
DA:2,1
DA:3,1
DA:4,4
DA:5,4
DA:6,1
DA:7,10
DA:8,10
DA:9,1
DA:10,2
DA:11,2
DA:12,7
DA:13,7
DA:14,7
DA:15,7
DA:16,7
DA:17,2
DA:18,2
DA:19,5
DA:20,5
DA:21,2
DA:22,2
DA:23,1
DA:24,3
DA:25,3
DA:26,3
DA:27,3
DA:28,3
LF:28
LH:28
BRDA:1,0,0,1
BRDA:3,1,0,4
BRDA:6,2,0,10
BRDA:9,3,0,2
BRDA:11,4,0,7
BRDA:12,5,0,6
BRDA:13,6,0,2
BRDA:14,7,0,5
BRDA:14,8,0,3
BRDA:16,9,0,3
BRDA:17,10,0,2
BRDA:19,11,0,5
BRDA:23,12,0,3
BRDA:27,13,0,2
BRDA:27,14,0,1
BRDA:24,15,0,8
BRDA:25,16,0,5
BRF:17
BRH:17
end_of_record
TN:
SF:.core-dist/weekly-review-state.js
FN:20,emptyWeeklyReviewState
FN:23,parseWeeklyReviewState
FN:27,mergeWeeklyReviewProgress
FN:47,weeklyReviewProgressFromText
FN:50,supported
FN:60,missingWeeklyReviewDimensions
FN:63,weeklyReviewLifecycle
FN:68,questionForMissingWeeklyDimension
FNF:8
FNH:8
FNDA:7,emptyWeeklyReviewState
FNDA:3,parseWeeklyReviewState
FNDA:2,mergeWeeklyReviewProgress
FNDA:3,weeklyReviewProgressFromText
FNDA:15,supported
FNDA:6,missingWeeklyReviewDimensions
FNDA:5,weeklyReviewLifecycle
FNDA:1,questionForMissingWeeklyDimension
DA:1,1
DA:2,1
DA:3,1
DA:4,1
DA:5,1
DA:6,1
DA:7,1
DA:8,1
DA:9,1
DA:10,1
DA:11,1
DA:12,1
DA:13,1
DA:14,1
DA:15,1
DA:16,1
DA:17,1
DA:18,1
DA:19,1
DA:20,1
DA:21,7
DA:22,7
DA:23,1
DA:24,3
DA:25,3
DA:26,3
DA:27,1
DA:28,2
DA:29,2
DA:30,2
DA:31,2
DA:32,2
DA:33,2
DA:34,2
DA:35,2
DA:36,2
DA:37,2
DA:38,2
DA:39,2
DA:40,2
DA:41,1
DA:42,1
DA:43,1
DA:44,1
DA:45,1
DA:46,1
DA:47,1
DA:48,3
DA:49,3
DA:50,3
DA:51,3
DA:52,3
DA:53,3
DA:54,3
DA:55,3
DA:56,3
DA:57,3
DA:58,3
DA:59,3
DA:60,1
DA:61,6
DA:62,6
DA:63,1
DA:64,5
DA:65,5
DA:66,5
DA:67,5
DA:68,1
DA:69,1
DA:70,1
DA:71,1
DA:72,1
DA:73,1
DA:74,1
DA:75,1
DA:76,0
DA:77,0
DA:78,0
DA:79,0
DA:80,0
DA:81,1
LF:81
LH:76
BRDA:1,0,0,1
BRDA:20,1,0,7
BRDA:23,2,0,3
BRDA:25,3,0,0
BRDA:27,4,0,2
BRDA:30,5,0,0
BRDA:33,6,0,0
BRDA:34,7,0,1
BRDA:35,8,0,1
BRDA:36,9,0,1
BRDA:37,10,0,1
BRDA:47,11,0,3
BRDA:50,12,0,15
BRDA:50,13,0,10
BRDA:50,14,0,5
BRDA:60,15,0,6
BRDA:61,16,0,30
BRDA:63,17,0,5
BRDA:65,18,0,3
BRDA:66,19,0,4
BRDA:66,20,0,3
BRDA:68,21,0,1
BRDA:71,22,0,0
BRDA:73,23,0,0
BRDA:76,24,0,0
BRF:25
BRH:19
end_of_record
TN:
SF:dist/config.js
FN:79,loadConfig
FN:109,configWarnings
FNF:2
FNH:2
FNDA:10,loadConfig
FNDA:3,configWarnings
DA:1,13
DA:2,13
DA:3,13
DA:4,13
DA:5,13
DA:6,13
DA:7,13
DA:8,13
DA:9,13
DA:10,13
DA:11,13
DA:12,2
DA:13,2
DA:14,2
DA:15,0
DA:16,0
DA:17,2
DA:18,0
DA:19,0
DA:20,13
DA:21,13
DA:22,13
DA:23,10
DA:24,10
DA:25,1
DA:26,10
DA:27,1
DA:28,1
DA:29,1
DA:30,10
DA:31,0
DA:32,0
DA:33,13
DA:34,13
DA:35,13
DA:36,13
DA:37,13
DA:38,13
DA:39,13
DA:40,13
DA:41,13
DA:42,13
DA:43,13
DA:44,13
DA:45,13
DA:46,13
DA:47,13
DA:48,13
DA:49,13
DA:50,13
DA:51,13
DA:52,13
DA:53,13
DA:54,13
DA:55,13
DA:56,13
DA:57,13
DA:58,13
DA:59,13
DA:60,13
DA:61,13
DA:62,13
DA:63,13
DA:64,13
DA:65,13
DA:66,13
DA:67,13
DA:68,13
DA:69,13
DA:70,13
DA:71,13
DA:72,10
DA:73,10
DA:74,1
DA:75,1
DA:76,1
DA:77,13
DA:78,13
DA:79,13
DA:80,10
DA:81,10
DA:82,10
DA:83,10
DA:84,10
DA:85,10
DA:86,10
DA:87,10
DA:88,10
DA:89,10
DA:90,10
DA:91,10
DA:92,10
DA:93,10
DA:94,10
DA:95,10
DA:96,10
DA:97,10
DA:98,10
DA:99,10
DA:100,10
DA:101,10
DA:102,10
DA:103,10
DA:104,10
DA:105,10
DA:106,10
DA:107,10
DA:108,13
DA:109,13
DA:110,3
DA:111,3
DA:112,3
DA:113,3
DA:114,3
DA:115,3
DA:116,3
DA:117,3
DA:118,3
DA:119,3
LF:119
LH:113
BRDA:1,0,0,13
BRDA:2,1,0,30
BRDA:2,2,0,0
BRDA:11,3,0,2
BRDA:14,4,0,0
BRDA:17,5,0,1
BRDA:17,6,0,0
BRDA:22,7,0,10
BRDA:23,8,0,1
BRDA:24,9,0,9
BRDA:25,10,0,1
BRDA:26,11,0,0
BRDA:27,12,0,1
BRDA:30,13,0,0
BRDA:34,14,0,10
BRDA:34,15,0,0
BRDA:48,16,0,10
BRDA:48,17,0,0
BRDA:60,18,0,10
BRDA:60,19,0,0
BRDA:66,20,0,10
BRDA:66,21,0,8
BRDA:66,22,0,2
BRDA:71,23,0,10
BRDA:72,24,0,7
BRDA:72,25,0,3
BRDA:72,26,0,2
BRDA:72,27,0,1
BRDA:73,28,0,1
BRDA:74,29,0,0
BRDA:74,30,0,0
BRDA:79,31,0,10
BRDA:83,32,0,0
BRDA:83,33,0,0
BRDA:83,34,0,7
BRDA:89,35,0,0
BRDA:89,36,0,7
BRDA:92,37,0,0
BRDA:92,38,0,7
BRDA:97,39,0,6
BRDA:98,40,0,0
BRDA:98,41,0,7
BRDA:102,42,0,1
BRDA:102,43,0,6
BRDA:103,44,0,7
BRDA:103,45,0,0
BRDA:104,46,0,1
BRDA:104,47,0,6
BRDA:105,48,0,1
BRDA:105,49,0,6
BRDA:109,50,0,3
BRDA:112,51,0,1
BRDA:113,52,0,2
BRDA:114,53,0,2
BRDA:114,54,0,1
BRDA:115,55,0,1
BRDA:117,56,0,1
BRF:57
BRH:41
end_of_record
TN:
SF:dist/health.controller.js
FN:1,(empty-report)
FNF:1
FNH:0
FNDA:0,(empty-report)
DA:1,0
DA:2,0
DA:3,0
DA:4,0
DA:5,0
DA:6,0
DA:7,0
DA:8,0
DA:9,0
DA:10,0
DA:11,0
DA:12,0
DA:13,0
DA:14,0
DA:15,0
DA:16,0
DA:17,0
DA:18,0
DA:19,0
DA:20,0
DA:21,0
DA:22,0
DA:23,0
DA:24,0
DA:25,0
DA:26,0
DA:27,0
DA:28,0
DA:29,0
DA:30,0
DA:31,0
DA:32,0
DA:33,0
DA:34,0
DA:35,0
DA:36,0
DA:37,0
DA:38,0
DA:39,0
DA:40,0
LF:40
LH:0
BRDA:1,0,0,0
BRF:1
BRH:0
end_of_record
TN:
SF:dist/access/access.service.js
FN:1,__decorate
FN:7,__metadata
FN:20,<instance_members_initializer>
FN:21,AccessService
FN:24,resolveActiveUser
FN:34,resolveUserAnyStatus
FN:44,getUserSettings
FN:48,addUser
FN:66,createRegistrationInvite
FN:77,registerFromInvite
FN:104,setUserStatus
FN:125,setAiStatus
FN:134,requestDeletion
FN:159,restoreDeletion
FN:181,finalizeExpiredDeletions
FN:206,suppressPendingForUser
FN:216,restoreFutureAccessSuppressed
FNF:17
FNH:2
FNDA:8,__decorate
FNDA:8,__metadata
FNDA:0,<instance_members_initializer>
FNDA:0,AccessService
FNDA:0,resolveActiveUser
FNDA:0,resolveUserAnyStatus
FNDA:0,getUserSettings
FNDA:0,addUser
FNDA:0,createRegistrationInvite
FNDA:0,registerFromInvite
FNDA:0,setUserStatus
FNDA:0,setAiStatus
FNDA:0,requestDeletion
FNDA:0,restoreDeletion
FNDA:0,finalizeExpiredDeletions
FNDA:0,suppressPendingForUser
FNDA:0,restoreFutureAccessSuppressed
DA:1,8
DA:2,8
DA:3,8
DA:4,0
DA:5,8
DA:6,8
DA:7,8
DA:8,8
DA:9,8
DA:10,8
DA:11,8
DA:12,8
DA:13,8
DA:14,8
DA:15,8
DA:16,8
DA:17,8
DA:18,8
DA:19,8
DA:20,8
DA:21,8
DA:22,0
DA:23,0
DA:24,8
DA:25,0
DA:26,0
DA:27,0
DA:28,0
DA:29,0
DA:30,0
DA:31,0
DA:32,0
DA:33,0
DA:34,8
DA:35,0
DA:36,0
DA:37,0
DA:38,0
DA:39,0
DA:40,0
DA:41,0
DA:42,0
DA:43,0
DA:44,8
DA:45,0
DA:46,0
DA:47,0
DA:48,8
DA:49,0
DA:50,0
DA:51,0
DA:52,0
DA:53,0
DA:54,0
DA:55,0
DA:56,0
DA:57,0
DA:58,0
DA:59,0
DA:60,0
DA:61,0
DA:62,0
DA:63,0
DA:64,0
DA:65,8
DA:66,8
DA:67,0
DA:68,0
DA:69,0
DA:70,0
DA:71,0
DA:72,0
DA:73,8
DA:74,8
DA:75,8
DA:76,8
DA:77,8
DA:78,0
DA:79,0
DA:80,0
DA:81,0
DA:82,0
DA:83,0
DA:84,0
DA:85,0
DA:86,0
DA:87,0
DA:88,0
DA:89,0
DA:90,0
DA:91,0
DA:92,0
DA:93,0
DA:94,0
DA:95,0
DA:96,0
DA:97,0
DA:98,0
DA:99,0
DA:100,0
DA:101,0
DA:102,0
DA:103,0
DA:104,8
DA:105,0
DA:106,0
DA:107,0
DA:108,0
DA:109,0
DA:110,0
DA:111,0
DA:112,0
DA:113,0
DA:114,0
DA:115,0
DA:116,0
DA:117,0
DA:118,0
DA:119,0
DA:120,0
DA:121,0
DA:122,0
DA:123,0
DA:124,0
DA:125,8
DA:126,0
DA:127,0
DA:128,0
DA:129,0
DA:130,0
DA:131,0
DA:132,0
DA:133,0
DA:134,8
DA:135,0
DA:136,0
DA:137,0
DA:138,0
DA:139,0
DA:140,0
DA:141,0
DA:142,0
DA:143,0
DA:144,0
DA:145,0
DA:146,0
DA:147,0
DA:148,0
DA:149,0
DA:150,0
DA:151,0
DA:152,0
DA:153,0
DA:154,0
DA:155,0
DA:156,0
DA:157,0
DA:158,0
DA:159,8
DA:160,0
DA:161,0
DA:162,0
DA:163,0
DA:164,0
DA:165,0
DA:166,0
DA:167,0
DA:168,0
DA:169,0
DA:170,0
DA:171,0
DA:172,0
DA:173,0
DA:174,0
DA:175,0
DA:176,0
DA:177,0
DA:178,0
DA:179,0
DA:180,0
DA:181,8
DA:182,0
DA:183,0
DA:184,0
DA:185,0
DA:186,0
DA:187,0
DA:188,0
DA:189,0
DA:190,0
DA:191,0
DA:192,0
DA:193,0
DA:194,0
DA:195,0
DA:196,0
DA:197,0
DA:198,0
DA:199,0
DA:200,8
DA:201,8
DA:202,8
DA:203,8
DA:204,8
DA:205,8
DA:206,0
DA:207,0
DA:208,0
DA:209,0
DA:210,0
DA:211,0
DA:212,0
DA:213,0
DA:214,0
DA:215,0
DA:216,0
DA:217,0
DA:218,0
DA:219,0
DA:220,0
DA:221,0
DA:222,0
DA:223,0
DA:224,0
DA:225,0
LF:225
LH:42
BRDA:1,0,0,8
BRDA:1,1,0,0
BRDA:7,2,0,0
BRDA:1,3,0,8
BRDA:2,4,0,0
BRDA:4,5,0,0
BRDA:5,6,0,0
BRDA:5,7,0,0
BRDA:7,8,0,8
BRF:9
BRH:3
end_of_record
TN:
SF:dist/actions/action-conversion.js
FN:8,<instance_members_initializer>
FN:9,InvalidAiActionError
FN:14,assertTimezone
FN:23,structuredScheduleFromWhen
FN:50,compileWhen
FN:59,missPolicyDefault
FN:63,recurrenceFields
FN:90,taskDefinitionFromBody
FN:115,createTaskInputFromBody
FN:137,explicitReminderForNewTask
FN:159,reminderRuleFromReminder
FN:176,validateUpdateTaskPatch
FN:208,rescheduleFieldsFromWhen
FN:217,seriesDefinitionFromReschedule
FN:252,whenFromRescheduleFields
FN:276,pad
FNF:16
FNH:16
FNDA:13,<instance_members_initializer>
FNDA:13,InvalidAiActionError
FNDA:35,assertTimezone
FNDA:32,structuredScheduleFromWhen
FNDA:33,compileWhen
FNDA:4,missPolicyDefault
FNDA:7,recurrenceFields
FNDA:20,taskDefinitionFromBody
FNDA:4,createTaskInputFromBody
FNDA:3,explicitReminderForNewTask
FNDA:7,reminderRuleFromReminder
FNDA:5,validateUpdateTaskPatch
FNDA:8,rescheduleFieldsFromWhen
FNDA:4,seriesDefinitionFromReschedule
FNDA:7,whenFromRescheduleFields
FNDA:6,pad
DA:1,7
DA:2,7
DA:3,7
DA:4,7
DA:5,7
DA:6,7
DA:7,7
DA:8,7
DA:9,7
DA:10,13
DA:11,13
DA:12,13
DA:13,7
DA:14,7
DA:15,35
DA:16,35
DA:17,35
DA:18,35
DA:19,2
DA:20,2
DA:21,35
DA:22,7
DA:23,7
DA:24,32
DA:25,32
DA:26,32
DA:27,32
DA:28,32
DA:29,32
DA:30,32
DA:31,32
DA:32,32
DA:33,32
DA:34,32
DA:35,32
DA:36,32
DA:37,32
DA:38,32
DA:39,15
DA:40,15
DA:41,15
DA:42,32
DA:43,3
DA:44,32
DA:45,8
DA:46,32
DA:47,6
DA:48,32
DA:49,32
DA:50,7
DA:51,33
DA:52,33
DA:53,33
DA:54,33
DA:55,33
DA:56,0
DA:57,0
DA:58,33
DA:59,4
DA:60,4
DA:61,4
DA:62,7
DA:63,7
DA:64,7
DA:65,7
DA:66,6
DA:67,6
DA:68,6
DA:69,6
DA:70,6
DA:71,6
DA:72,6
DA:73,6
DA:74,6
DA:75,6
DA:76,6
DA:77,6
DA:78,6
DA:79,6
DA:80,7
DA:81,0
DA:82,0
DA:83,6
DA:84,6
DA:85,6
DA:86,7
DA:87,7
DA:88,7
DA:89,7
DA:90,7
DA:91,20
DA:92,20
DA:93,20
DA:94,20
DA:95,20
DA:96,20
DA:97,20
DA:98,20
DA:99,20
DA:100,20
DA:101,20
DA:102,20
DA:103,20
DA:104,20
DA:105,20
DA:106,20
DA:107,20
DA:108,20
DA:109,20
DA:110,19
DA:111,19
DA:112,20
DA:113,17
DA:114,20
DA:115,7
DA:116,4
DA:117,4
DA:118,4
DA:119,4
DA:120,4
DA:121,4
DA:122,4
DA:123,4
DA:124,4
DA:125,4
DA:126,4
DA:127,4
DA:128,4
DA:129,4
DA:130,4
DA:131,4
DA:132,4
DA:133,7
DA:134,7
DA:135,7
DA:136,7
DA:137,3
DA:138,3
DA:139,3
DA:140,2
DA:141,2
DA:142,2
DA:143,2
DA:144,2
DA:145,1
DA:146,1
DA:147,1
DA:148,2
DA:149,2
DA:150,2
DA:151,2
DA:152,3
DA:153,0
DA:154,0
DA:155,0
DA:156,0
DA:157,1
DA:158,3
DA:159,7
DA:160,7
DA:161,7
DA:162,1
DA:163,1
DA:164,7
DA:165,4
DA:166,4
DA:167,4
DA:168,2
DA:169,2
DA:170,7
DA:171,7
DA:172,7
DA:173,7
DA:174,7
DA:175,7
DA:176,7
DA:177,5
DA:178,5
DA:179,5
DA:180,5
DA:181,5
DA:182,5
DA:183,5
DA:184,1
DA:185,1
DA:186,5
DA:187,5
DA:188,5
DA:189,5
DA:190,5
DA:191,5
DA:192,5
DA:193,5
DA:194,5
DA:195,0
DA:196,0
DA:197,5
DA:198,1
DA:199,1
DA:200,1
DA:201,1
DA:202,1
DA:203,1
DA:204,1
DA:205,1
DA:206,1
DA:207,5
DA:208,7
DA:209,8
DA:210,8
DA:211,8
DA:212,7
DA:213,7
DA:214,7
DA:215,7
DA:216,7
DA:217,7
DA:218,4
DA:219,4
DA:220,4
DA:221,4
DA:222,3
DA:223,4
DA:224,2
DA:225,2
DA:226,4
DA:227,4
DA:228,1
DA:229,1
DA:230,1
DA:231,1
DA:232,4
DA:233,4
DA:234,4
DA:235,4
DA:236,4
DA:237,4
DA:238,4
DA:239,4
DA:240,4
DA:241,4
DA:242,4
DA:243,4
DA:244,4
DA:245,4
DA:246,4
DA:247,4
DA:248,4
DA:249,2
DA:250,4
DA:251,7
DA:252,7
DA:253,7
DA:254,1
DA:255,1
DA:256,7
DA:257,2
DA:258,2
DA:259,2
DA:260,2
DA:261,2
DA:262,2
DA:263,2
DA:264,2
DA:265,2
DA:266,4
DA:267,7
DA:268,7
DA:269,1
DA:270,1
DA:271,1
DA:272,2
DA:273,7
DA:274,1
DA:275,7
DA:276,6
DA:277,6
DA:278,6
LF:278
LH:268
BRDA:1,0,0,7
BRDA:8,1,0,13
BRDA:9,2,0,13
BRDA:14,3,0,35
BRDA:18,4,0,2
BRDA:23,5,0,32
BRDA:38,6,0,15
BRDA:40,7,0,2
BRDA:41,8,0,13
BRDA:42,9,0,3
BRDA:44,10,0,8
BRDA:46,11,0,6
BRDA:50,12,0,33
BRDA:55,13,0,0
BRDA:59,14,0,4
BRDA:60,15,0,1
BRDA:60,16,0,3
BRDA:63,17,0,7
BRDA:65,18,0,1
BRDA:66,19,0,6
BRDA:80,20,0,0
BRDA:83,21,0,6
BRDA:86,22,0,1
BRDA:86,23,0,5
BRDA:87,24,0,2
BRDA:87,25,0,4
BRDA:90,26,0,20
BRDA:93,27,0,6
BRDA:93,28,0,14
BRDA:101,29,0,5
BRDA:101,30,0,5
BRDA:101,31,0,4
BRDA:101,32,0,14
BRDA:104,33,0,0
BRDA:105,34,0,19
BRDA:109,35,0,0
BRDA:110,36,0,19
BRDA:112,37,0,2
BRDA:113,38,0,17
BRDA:115,39,0,4
BRDA:117,40,0,3
BRDA:117,41,0,1
BRDA:122,42,0,0
BRDA:122,43,0,2
BRDA:125,44,0,0
BRDA:125,45,0,0
BRDA:125,46,0,2
BRDA:126,47,0,0
BRDA:126,48,0,0
BRDA:126,49,0,2
BRDA:127,50,0,0
BRDA:127,51,0,0
BRDA:127,52,0,2
BRDA:128,53,0,0
BRDA:128,54,0,0
BRDA:128,55,0,2
BRDA:129,56,0,1
BRDA:129,57,0,1
BRDA:137,58,0,3
BRDA:139,59,0,1
BRDA:140,60,0,2
BRDA:143,61,0,1
BRDA:144,62,0,1
BRDA:145,63,0,0
BRDA:148,64,0,0
BRDA:150,65,0,1
BRDA:152,66,0,1
BRDA:152,67,0,0
BRDA:157,68,0,1
BRDA:159,69,0,7
BRDA:161,70,0,1
BRDA:164,71,0,6
BRDA:164,72,0,4
BRDA:165,73,0,1
BRDA:165,74,0,3
BRDA:165,75,0,1
BRDA:165,76,0,2
BRDA:168,77,0,2
BRDA:170,78,0,1
BRDA:170,79,0,1
BRDA:176,80,0,5
BRDA:177,81,0,4
BRDA:178,82,0,4
BRDA:179,83,0,4
BRDA:180,84,0,4
BRDA:181,85,0,3
BRDA:182,86,0,2
BRDA:183,87,0,1
BRDA:186,88,0,4
BRDA:186,89,0,1
BRDA:187,90,0,1
BRDA:188,91,0,3
BRDA:188,92,0,0
BRDA:189,93,0,0
BRDA:190,94,0,3
BRDA:190,95,0,0
BRDA:191,96,0,0
BRDA:192,97,0,3
BRDA:192,98,0,0
BRDA:193,99,0,0
BRDA:194,100,0,3
BRDA:194,101,0,1
BRDA:194,102,0,0
BRDA:194,103,0,0
BRDA:197,104,0,3
BRDA:197,105,0,1
BRDA:199,106,0,0
BRDA:202,107,0,0
BRDA:200,108,0,2
BRDA:201,109,0,2
BRDA:203,110,0,2
BRDA:208,111,0,8
BRDA:217,112,0,4
BRDA:221,113,0,1
BRDA:222,114,0,3
BRDA:223,115,0,1
BRDA:224,116,0,2
BRDA:226,117,0,1
BRDA:227,118,0,1
BRDA:228,119,0,0
BRDA:230,120,0,0
BRDA:231,121,0,0
BRDA:240,122,0,2
BRDA:240,123,0,1
BRDA:240,124,0,0
BRDA:240,125,0,0
BRDA:241,126,0,2
BRDA:241,127,0,0
BRDA:242,128,0,0
BRDA:242,129,0,2
BRDA:243,130,0,0
BRDA:243,131,0,2
BRDA:244,132,0,0
BRDA:244,133,0,2
BRDA:248,134,0,0
BRDA:249,135,0,2
BRDA:252,136,0,7
BRDA:253,137,0,1
BRDA:253,138,0,1
BRDA:256,139,0,6
BRDA:256,140,0,2
BRDA:258,141,0,1
BRDA:258,142,0,1
BRDA:263,143,0,1
BRDA:263,144,0,1
BRDA:263,145,0,1
BRDA:266,146,0,4
BRDA:267,147,0,1
BRDA:268,148,0,3
BRDA:268,149,0,1
BRDA:272,150,0,2
BRDA:273,151,0,1
BRDA:276,152,0,6
BRF:153
BRH:117
end_of_record
TN:
SF:dist/actions/action-describe.js
FN:5,plan
FN:47,before
FN:48,after
FN:64,plan
FN:106,before
FN:107,after
FN:123,plan
FN:165,before
FN:166,after
FN:182,describeAction
FN:184,q
FN:185,taskName
FN:189,goalName
FN:257,describeWhen
FN:259,date
FN:271,describeReminder
FN:283,settingsOperationLabel
FN:321,plural
FN:331,settingsPatchForAction
FN:334,settingsChangeFromAction
FNF:20
FNH:9
FNDA:0,plan
FNDA:1,before
FNDA:0,after
FNDA:0,plan
FNDA:0,before
FNDA:0,after
FNDA:0,plan
FNDA:0,before
FNDA:0,after
FNDA:11,describeAction
FNDA:7,q
FNDA:8,taskName
FNDA:1,goalName
FNDA:2,describeWhen
FNDA:2,date
FNDA:1,describeReminder
FNDA:1,settingsOperationLabel
FNDA:0,plural
FNDA:0,settingsPatchForAction
FNDA:0,settingsChangeFromAction
DA:1,6
DA:2,6
DA:3,6
DA:4,6
DA:5,6
DA:6,6
DA:7,6
DA:8,6
DA:9,6
DA:10,6
DA:11,6
DA:12,6
DA:13,6
DA:14,6
DA:15,6
DA:16,6
DA:17,6
DA:18,6
DA:19,6
DA:20,6
DA:21,6
DA:22,6
DA:23,6
DA:24,6
DA:25,6
DA:26,6
DA:27,6
DA:28,6
DA:29,6
DA:30,6
DA:31,6
DA:32,6
DA:33,6
DA:34,6
DA:35,6
DA:36,6
DA:37,6
DA:38,6
DA:39,6
DA:40,6
DA:41,6
DA:42,6
DA:43,6
DA:44,6
DA:45,6
DA:46,6
DA:47,6
DA:48,6
DA:49,6
DA:50,6
DA:51,6
DA:52,6
DA:53,6
DA:54,6
DA:55,6
DA:56,6
DA:57,6
DA:58,6
DA:59,6
DA:60,6
DA:61,6
DA:62,6
DA:63,6
DA:64,6
DA:65,6
DA:66,6
DA:67,6
DA:68,6
DA:69,6
DA:70,6
DA:71,6
DA:72,6
DA:73,6
DA:74,6
DA:75,6
DA:76,6
DA:77,6
DA:78,6
DA:79,6
DA:80,6
DA:81,6
DA:82,6
DA:83,6
DA:84,6
DA:85,6
DA:86,6
DA:87,6
DA:88,6
DA:89,6
DA:90,6
DA:91,6
DA:92,6
DA:93,6
DA:94,6
DA:95,6
DA:96,6
DA:97,6
DA:98,6
DA:99,6
DA:100,6
DA:101,6
DA:102,6
DA:103,6
DA:104,6
DA:105,6
DA:106,6
DA:107,6
DA:108,6
DA:109,6
DA:110,6
DA:111,6
DA:112,6
DA:113,6
DA:114,6
DA:115,6
DA:116,6
DA:117,6
DA:118,6
DA:119,6
DA:120,6
DA:121,6
DA:122,6
DA:123,6
DA:124,6
DA:125,6
DA:126,6
DA:127,6
DA:128,6
DA:129,6
DA:130,6
DA:131,6
DA:132,6
DA:133,6
DA:134,6
DA:135,6
DA:136,6
DA:137,6
DA:138,6
DA:139,6
DA:140,6
DA:141,6
DA:142,6
DA:143,6
DA:144,6
DA:145,6
[...]
DA:70,1
DA:71,1
DA:72,1
DA:73,1
DA:74,1
DA:75,1
DA:76,1
DA:77,1
DA:78,1
DA:79,1
DA:80,1
DA:81,1
DA:82,1
DA:83,1
DA:84,1
DA:85,1
DA:86,1
LF:86
LH:86
BRDA:1,0,0,1
BRDA:5,1,0,4
BRDA:24,2,0,1
BRDA:41,3,0,1
BRDA:70,4,0,1
BRDA:77,5,0,2
BRF:6
BRH:6
end_of_record
TN:
SF:tests/core/occurrence.test.mjs
FNF:0
FNH:0
DA:1,1
DA:2,1
DA:3,1
DA:4,1
DA:5,1
DA:6,1
DA:7,1
DA:8,1
DA:9,1
DA:10,1
DA:11,1
DA:12,1
DA:13,1
DA:14,1
DA:15,1
DA:16,1
DA:17,1
DA:18,1
LF:18
LH:18
BRDA:1,0,0,1
BRDA:8,1,0,1
BRDA:9,2,0,1
BRDA:10,3,0,1
BRDA:11,4,0,1
BRDA:12,5,0,1
BRDA:13,6,0,1
BRDA:18,7,0,1
BRF:8
BRH:8
end_of_record
TN:
SF:tests/core/product-completion.test.mjs
FNF:0
FNH:0
DA:1,1
DA:2,1
DA:3,1
DA:4,1
DA:5,1
DA:6,1
DA:7,1
DA:8,1
DA:9,1
DA:10,1
DA:11,1
DA:12,1
DA:13,1
DA:14,1
DA:15,1
DA:16,1
DA:17,1
DA:18,1
DA:19,1
DA:20,1
DA:21,1
DA:22,1
DA:23,1
DA:24,1
DA:25,1
DA:26,1
DA:27,1
DA:28,1
DA:29,1
DA:30,1
DA:31,1
DA:32,1
DA:33,1
DA:34,1
DA:35,1
DA:36,1
DA:37,1
DA:38,1
DA:39,1
DA:40,1
DA:41,1
DA:42,1
DA:43,1
DA:44,1
DA:45,1
DA:46,1
DA:47,1
DA:48,1
DA:49,1
DA:50,1
DA:51,1
DA:52,1
DA:53,1
DA:54,1
DA:55,1
DA:56,1
DA:57,1
DA:58,1
DA:59,1
DA:60,1
DA:61,1
DA:62,1
LF:62
LH:62
BRDA:1,0,0,1
BRDA:9,1,0,1
BRDA:16,2,0,2
BRDA:20,3,0,2
BRDA:25,4,0,1
BRDA:38,5,0,1
BRDA:44,6,0,1
BRDA:50,7,0,1
BRDA:57,8,0,1
BRF:9
BRH:9
end_of_record
TN:
SF:tests/core/quiet-hours.test.mjs
FNF:0
FNH:0
DA:1,1
DA:2,1
DA:3,1
DA:4,1
DA:5,1
DA:6,1
DA:7,1
DA:8,1
DA:9,1
DA:10,1
DA:11,1
DA:12,1
DA:13,1
DA:14,1
DA:15,1
DA:16,1
LF:16
LH:16
BRDA:1,0,0,1
BRDA:7,1,0,1
BRDA:12,2,0,1
BRDA:16,3,0,1
BRF:4
BRH:4
end_of_record
TN:
SF:tests/core/recurrence-input.test.mjs
FNF:0
FNH:0
DA:1,1
DA:2,1
DA:3,1
DA:4,1
DA:5,1
DA:6,1
DA:7,1
DA:8,1
DA:9,1
DA:10,1
DA:11,1
DA:12,1
DA:13,1
DA:14,1
DA:15,1
DA:16,1
DA:17,1
DA:18,1
DA:19,1
DA:20,1
DA:21,1
DA:22,1
DA:23,1
DA:24,1
DA:25,1
DA:26,1
DA:27,1
DA:28,1
DA:29,1
DA:30,1
DA:31,1
DA:32,1
DA:33,1
DA:34,1
DA:35,1
DA:36,1
DA:37,1
DA:38,1
DA:39,1
DA:40,1
DA:41,1
DA:42,1
DA:43,1
DA:44,1
DA:45,1
DA:46,1
DA:47,1
DA:48,1
DA:49,1
DA:50,1
DA:51,1
DA:52,1
DA:53,1
DA:54,1
DA:55,1
DA:56,1
DA:57,1
DA:58,1
DA:59,1
DA:60,1
DA:61,1
DA:62,1
DA:63,1
DA:64,1
DA:65,1
DA:66,1
DA:67,1
DA:68,1
DA:69,1
DA:70,1
DA:71,1
DA:72,1
DA:73,1
DA:74,1
DA:75,1
DA:76,1
DA:77,1
DA:78,1
DA:79,1
DA:80,1
DA:81,1
DA:82,1
DA:83,1
DA:84,1
DA:85,1
DA:86,1
DA:87,1
DA:88,1
DA:89,1
DA:90,1
DA:91,1
DA:92,1
DA:93,1
DA:94,1
DA:95,1
DA:96,1
DA:97,1
DA:98,1
LF:98
LH:98
BRDA:1,0,0,1
BRDA:5,1,0,1
BRDA:24,2,0,1
BRDA:26,3,0,1
BRDA:36,4,0,1
BRDA:46,5,0,1
BRDA:59,6,0,1
BRDA:69,7,0,1
BRDA:80,8,0,1
BRF:9
BRH:9
end_of_record
TN:
SF:tests/core/recurrence-label.test.mjs
FNF:0
FNH:0
DA:1,1
DA:2,1
DA:3,1
DA:4,1
DA:5,1
DA:6,1
DA:7,1
DA:8,1
DA:9,1
DA:10,1
DA:11,1
DA:12,1
DA:13,1
DA:14,1
LF:14
LH:14
BRDA:1,0,0,1
BRDA:5,1,0,1
BRF:2
BRH:2
end_of_record
TN:
SF:tests/core/recurrence.test.mjs
FNF:0
FNH:0
DA:1,1
DA:2,1
DA:3,1
DA:4,1
DA:5,1
DA:6,1
DA:7,1
DA:8,1
DA:9,1
DA:10,1
DA:11,1
DA:12,1
DA:13,1
DA:14,1
DA:15,1
DA:16,1
DA:17,1
DA:18,1
DA:19,1
DA:20,1
DA:21,1
DA:22,1
DA:23,1
DA:24,1
DA:25,1
DA:26,1
DA:27,1
DA:28,1
DA:29,1
DA:30,1
DA:31,1
DA:32,1
DA:33,1
DA:34,1
DA:35,1
DA:36,1
DA:37,1
DA:38,1
DA:39,1
DA:40,1
DA:41,1
DA:42,1
DA:43,1
DA:44,1
DA:45,1
DA:46,1
DA:47,1
DA:48,1
DA:49,1
DA:50,1
DA:51,1
DA:52,1
DA:53,1
DA:54,1
DA:55,1
DA:56,1
DA:57,1
DA:58,1
DA:59,1
DA:60,1
DA:61,1
DA:62,1
DA:63,1
DA:64,1
DA:65,1
DA:66,1
DA:67,1
DA:68,1
DA:69,1
DA:70,1
DA:71,1
DA:72,1
DA:73,1
DA:74,1
DA:75,1
DA:76,1
DA:77,1
DA:78,1
DA:79,1
DA:80,1
DA:81,1
DA:82,1
DA:83,1
DA:84,1
DA:85,1
DA:86,1
DA:87,1
DA:88,1
DA:89,1
DA:90,1
DA:91,1
DA:92,1
DA:93,1
DA:94,1
DA:95,1
DA:96,1
DA:97,1
DA:98,1
DA:99,1
DA:100,1
DA:101,1
DA:102,1
DA:103,1
DA:104,1
DA:105,1
DA:106,1
DA:107,1
DA:108,1
DA:109,1
DA:110,1
DA:111,1
DA:112,1
DA:113,1
DA:114,1
DA:115,1
DA:116,1
DA:117,1
DA:118,1
DA:119,1
DA:120,1
DA:121,1
DA:122,1
DA:123,1
DA:124,1
DA:125,1
DA:126,1
DA:127,1
DA:128,1
DA:129,1
DA:130,1
DA:131,1
DA:132,1
DA:133,1
DA:134,1
DA:135,1
DA:136,1
DA:137,1
DA:138,1
DA:139,1
DA:140,1
DA:141,1
DA:142,1
DA:143,1
DA:144,1
DA:145,1
DA:146,1
DA:147,1
DA:148,1
DA:149,1
DA:150,1
DA:151,1
DA:152,1
DA:153,1
DA:154,1
DA:155,1
DA:156,1
DA:157,1
DA:158,1
DA:159,1
DA:160,1
DA:161,1
DA:162,1
DA:163,1
DA:164,1
DA:165,1
DA:166,1
DA:167,1
DA:168,1
DA:169,1
DA:170,1
DA:171,1
DA:172,1
DA:173,1
DA:174,1
DA:175,1
DA:176,1
DA:177,1
DA:178,1
DA:179,1
DA:180,1
DA:181,1
DA:182,1
DA:183,1
DA:184,1
DA:185,1
DA:186,1
DA:187,1
DA:188,1
DA:189,1
DA:190,1
DA:191,1
DA:192,1
DA:193,1
DA:194,1
DA:195,1
DA:196,1
DA:197,1
DA:198,1
DA:199,1
DA:200,1
DA:201,1
DA:202,1
DA:203,1
DA:204,1
DA:205,1
DA:206,1
DA:207,1
DA:208,1
DA:209,1
DA:210,1
DA:211,1
DA:212,1
DA:213,1
DA:214,1
DA:215,1
DA:216,1
DA:217,1
DA:218,1
LF:218
LH:218
BRDA:1,0,0,1
BRDA:5,1,0,1
BRDA:13,2,0,1
BRDA:32,3,0,3
BRDA:37,4,0,1
BRDA:58,5,0,3
BRDA:62,6,0,3
BRDA:68,7,0,1
BRDA:84,8,0,5
BRDA:89,9,0,1
BRDA:90,10,0,1
BRDA:91,11,0,1
BRDA:92,12,0,1
BRDA:93,13,0,1
BRDA:96,14,0,1
BRDA:111,15,0,1
BRDA:133,16,0,1
BRDA:150,17,0,3
BRDA:155,18,0,1
BRDA:172,19,0,2
BRDA:177,20,0,1
BRDA:194,21,0,2
BRDA:200,22,0,1
BRF:23
BRH:23
end_of_record
TN:
SF:tests/core/reference-candidates.test.mjs
FNF:0
FNH:0
DA:1,1
DA:2,1
DA:3,1
DA:4,1
DA:5,1
DA:6,1
DA:7,1
DA:8,1
DA:9,1
DA:10,1
DA:11,1
DA:12,1
DA:13,1
DA:14,1
DA:15,1
DA:16,1
DA:17,1
DA:18,1
DA:19,1
DA:20,1
DA:21,1
DA:22,1
DA:23,1
DA:24,1
DA:25,1
DA:26,1
DA:27,1
DA:28,1
DA:29,1
DA:30,1
DA:31,1
LF:31
LH:31
BRDA:1,0,0,1
BRDA:16,1,0,1
BRDA:21,2,0,2
BRDA:26,3,0,1
BRF:4
BRH:4
end_of_record
TN:
SF:tests/core/reminder-defaults.test.mjs
FNF:0
FNH:0
DA:1,1
DA:2,1
DA:3,1
DA:4,1
DA:5,1
DA:6,1
DA:7,1
DA:8,1
DA:9,1
DA:10,1
DA:11,1
DA:12,1
DA:13,1
DA:14,1
DA:15,1
DA:16,1
DA:17,1
DA:18,1
DA:19,1
DA:20,1
DA:21,1
DA:22,1
DA:23,1
DA:24,1
DA:25,1
DA:26,1
DA:27,1
DA:28,1
DA:29,1
DA:30,1
DA:31,1
DA:32,1
DA:33,1
DA:34,1
DA:35,1
DA:36,1
DA:37,1
DA:38,1
DA:39,1
LF:39
LH:39
BRDA:1,0,0,1
BRDA:5,1,0,1
BRDA:7,2,0,2
BRDA:11,3,0,1
BRDA:16,4,0,1
BRDA:23,5,0,1
BRDA:25,6,0,6
BRDA:29,7,0,1
BRDA:35,8,0,1
BRF:9
BRH:9
end_of_record
TN:
SF:tests/core/reminder-escalation.test.mjs
FNF:0
FNH:0
DA:1,1
DA:2,1
DA:3,1
DA:4,1
DA:5,1
DA:6,1
DA:7,1
DA:8,1
DA:9,1
DA:10,1
DA:11,1
DA:12,1
DA:13,1
DA:14,1
DA:15,1
DA:16,1
DA:17,1
DA:18,1
DA:19,1
DA:20,1
DA:21,1
DA:22,1
DA:23,1
DA:24,1
DA:25,1
DA:26,1
LF:26
LH:26
BRDA:1,0,0,1
BRDA:5,1,0,1
BRDA:8,2,0,1
BRDA:11,3,0,1
BRF:4
BRH:4
end_of_record
TN:
SF:tests/core/reminder-planning.test.mjs
FNF:0
FNH:0
DA:1,1
DA:2,1
DA:3,1
DA:4,1
DA:5,1
DA:6,1
DA:7,1
DA:8,1
DA:9,1
DA:10,1
DA:11,1
DA:12,1
DA:13,1
DA:14,1
DA:15,1
DA:16,1
DA:17,1
DA:18,1
DA:19,1
DA:20,1
DA:21,1
DA:22,1
DA:23,1
DA:24,1
DA:25,1
DA:26,1
DA:27,1
DA:28,1
DA:29,1
DA:30,1
DA:31,1
DA:32,1
DA:33,1
DA:34,1
DA:35,1
DA:36,1
DA:37,1
DA:38,1
DA:39,1
DA:40,1
DA:41,1
DA:42,1
DA:43,1
DA:44,1
DA:45,1
DA:46,1
DA:47,1
DA:48,1
DA:49,1
DA:50,1
DA:51,1
DA:52,1
DA:53,1
DA:54,1
DA:55,1
DA:56,1
DA:57,1
DA:58,1
DA:59,1
DA:60,1
DA:61,1
DA:62,1
DA:63,1
DA:64,1
DA:65,1
DA:66,1
DA:67,1
DA:68,1
DA:69,1
DA:70,1
DA:71,1
DA:72,1
DA:73,1
DA:74,1
DA:75,1
DA:76,1
DA:77,1
DA:78,1
DA:79,1
DA:80,1
DA:81,1
DA:82,1
DA:83,1
DA:84,1
DA:85,1
DA:86,1
DA:87,1
DA:88,1
DA:89,1
DA:90,1
DA:91,1
DA:92,1
DA:93,1
DA:94,1
DA:95,1
DA:96,1
DA:97,1
DA:98,1
DA:99,1
DA:100,1
DA:101,1
DA:102,1
DA:103,1
DA:104,1
DA:105,1
DA:106,1
DA:107,1
DA:108,1
DA:109,1
DA:110,1
DA:111,1
DA:112,1
DA:113,1
DA:114,1
DA:115,1
DA:116,1
DA:117,1
DA:118,1
DA:119,1
DA:120,1
DA:121,1
DA:122,1
DA:123,1
DA:124,1
DA:125,1
DA:126,1
DA:127,1
DA:128,1
DA:129,1
DA:130,1
DA:131,1
DA:132,1
DA:133,1
DA:134,1
DA:135,1
DA:136,1
DA:137,1
DA:138,1
DA:139,1
DA:140,1
DA:141,1
DA:142,1
DA:143,1
DA:144,1
DA:145,1
DA:146,1
DA:147,1
DA:148,1
DA:149,1
DA:150,1
DA:151,1
DA:152,1
DA:153,1
DA:154,1
DA:155,1
DA:156,1
DA:157,1
DA:158,1
DA:159,1
DA:160,1
DA:161,1
DA:162,1
DA:163,1
DA:164,1
DA:165,1
DA:166,1
DA:167,1
DA:168,1
DA:169,1
DA:170,1
DA:171,1
DA:172,1
DA:173,1
DA:174,1
DA:175,1
LF:175
LH:175
BRDA:1,0,0,1
BRDA:14,1,0,1
BRDA:27,2,0,2
BRDA:32,3,0,1
BRDA:47,4,0,1
BRDA:52,5,0,1
BRDA:65,6,0,3
BRDA:70,7,0,1
BRDA:97,8,0,1
BRDA:111,9,0,1
BRDA:130,10,0,1
BRDA:145,11,0,1
BRDA:162,12,0,1
BRF:13
BRH:13
end_of_record
TN:
SF:tests/core/reschedule.test.mjs
FNF:0
FNH:0
DA:1,1
DA:2,1
DA:3,1
DA:4,1
DA:5,1
DA:6,1
DA:7,1
DA:8,1
DA:9,1
DA:10,1
DA:11,1
DA:12,1
DA:13,1
DA:14,1
DA:15,1
DA:16,1
DA:17,1
DA:18,1
DA:19,1
DA:20,1
DA:21,1
DA:22,1
DA:23,1
DA:24,1
DA:25,1
DA:26,1
DA:27,1
DA:28,1
DA:29,1
DA:30,1
DA:31,1
DA:32,1
DA:33,1
DA:34,1
DA:35,1
DA:36,1
DA:37,1
DA:38,1
DA:39,1
DA:40,1
DA:41,1
DA:42,1
DA:43,1
DA:44,1
DA:45,1
DA:46,1
DA:47,1
DA:48,1
DA:49,1
DA:50,1
DA:51,1
DA:52,1
DA:53,1
DA:54,1
DA:55,1
DA:56,1
DA:57,1
DA:58,1
DA:59,1
DA:60,1
DA:61,1
DA:62,1
DA:63,1
DA:64,1
DA:65,1
DA:66,1
DA:67,1
DA:68,1
DA:69,1
DA:70,1
DA:71,1
DA:72,1
LF:72
LH:72
BRDA:1,0,0,1
BRDA:13,1,0,1
BRDA:19,2,0,1
BRDA:24,3,0,1
BRDA:36,4,0,1
BRDA:43,5,0,1
BRDA:45,6,0,1
BRDA:48,7,0,1
BRDA:66,8,0,1
BRDA:69,9,0,1
BRF:10
BRH:10
end_of_record
TN:
SF:tests/core/review-policy.test.mjs
FNF:0
FNH:0
DA:1,1
DA:2,1
DA:3,1
DA:4,1
DA:5,1
DA:6,1
DA:7,1
DA:8,1
DA:9,1
DA:10,1
DA:11,1
DA:12,1
DA:13,1
DA:14,1
DA:15,1
DA:16,1
DA:17,1
DA:18,1
DA:19,1
DA:20,1
DA:21,1
DA:22,1
DA:23,1
DA:24,1
DA:25,1
DA:26,1
DA:27,1
DA:28,1
DA:29,1
DA:30,1
DA:31,1
DA:32,1
DA:33,1
DA:34,1
DA:35,1
DA:36,1
DA:37,1
DA:38,1
DA:39,1
DA:40,1
DA:41,1
DA:42,1
DA:43,1
DA:44,1
DA:45,1
DA:46,1
DA:47,1
DA:48,1
DA:49,1
DA:50,1
DA:51,1
DA:52,1
DA:53,1
DA:54,1
DA:55,1
DA:56,1
DA:57,1
DA:58,1
DA:59,1
DA:60,1
DA:61,1
DA:62,1
DA:63,1
DA:64,1
DA:65,1
DA:66,1
DA:67,1
DA:68,1
DA:69,1
DA:70,1
DA:71,1
DA:72,1
DA:73,1
DA:74,1
LF:74
LH:74
BRDA:1,0,0,1
BRDA:5,1,0,1
BRDA:10,2,0,1
BRDA:16,3,0,1
BRDA:24,4,0,1
BRDA:36,5,0,1
BRDA:50,6,0,1
BRDA:58,7,0,1
BRDA:66,8,0,1
BRDA:71,9,0,1
BRF:10
BRH:10
end_of_record
TN:
SF:tests/core/search-query.test.mjs
FNF:0
FNH:0
DA:1,1
DA:2,1
DA:3,1
DA:4,1
DA:5,1
DA:6,1
DA:7,1
DA:8,1
DA:9,1
DA:10,1
DA:11,1
DA:12,1
DA:13,1
DA:14,1
DA:15,1
DA:16,1
DA:17,1
DA:18,1
DA:19,1
DA:20,1
DA:21,1
DA:22,1
DA:23,1
DA:24,1
DA:25,1
DA:26,1
DA:27,1
DA:28,1
DA:29,1
DA:30,1
DA:31,1
DA:32,1
DA:33,1
DA:34,1
DA:35,1
LF:35
LH:35
BRDA:1,0,0,1
BRDA:5,1,0,1
BRDA:14,2,0,1
BRDA:23,3,0,1
BRDA:31,4,0,1
BRDA:34,5,0,3
BRF:6
BRH:6
end_of_record
TN:
SF:tests/core/settings-change.test.mjs
FN:47,assert.throws.buildSettingsPatch.operation
FN:51,assert.throws.buildSettingsPatch.operation
FN:55,assert.throws.buildSettingsPatch.operation
FN:59,assert.throws.buildSettingsPatch.operation
FN:63,assert.deepEqual.buildSettingsPatch.operation
FNF:5
FNH:5
FNDA:1,assert.throws.buildSettingsPatch.operation
FNDA:1,assert.throws.buildSettingsPatch.operation
FNDA:1,assert.throws.buildSettingsPatch.operation
FNDA:1,assert.throws.buildSettingsPatch.operation
FNDA:1,assert.deepEqual.buildSettingsPatch.operation
DA:1,1
DA:2,1
DA:3,1
DA:4,1
DA:5,1
DA:6,1
DA:7,1
DA:8,1
DA:9,1
DA:10,1
DA:11,1
DA:12,1
DA:13,1
DA:14,1
DA:15,1
DA:16,1
DA:17,1
DA:18,1
DA:19,1
DA:20,1
DA:21,1
DA:22,1
DA:23,1
DA:24,1
DA:25,1
DA:26,1
DA:27,1
DA:28,1
DA:29,1
DA:30,1
DA:31,1
DA:32,1
DA:33,1
DA:34,1
DA:35,1
DA:36,1
DA:37,1
DA:38,1
DA:39,1
DA:40,1
DA:41,1
DA:42,1
DA:43,1
DA:44,1
DA:45,1
DA:46,1
DA:47,1
DA:48,1
DA:49,1
DA:50,1
DA:51,1
DA:52,1
DA:53,1
DA:54,1
DA:55,1
DA:56,1
DA:57,1
DA:58,1
DA:59,1
DA:60,1
DA:61,1
DA:62,1
DA:63,1
DA:64,1
DA:65,1
DA:66,1
DA:67,1
LF:67
LH:67
BRDA:1,0,0,1
BRDA:7,1,0,1
BRDA:33,2,0,1
BRDA:45,3,0,1
BRDA:47,4,0,1
BRDA:48,5,0,1
BRDA:51,6,0,1
BRDA:52,7,0,1
BRDA:55,8,0,1
BRDA:56,9,0,1
BRDA:59,10,0,1
BRDA:60,11,0,1
BRDA:63,12,0,1
BRDA:64,13,0,1
BRF:14
BRH:14
end_of_record
TN:
SF:tests/core/task-policy.test.mjs
FNF:0
FNH:0
DA:1,1
DA:2,1
DA:3,1
DA:4,1
DA:5,1
DA:6,1
DA:7,1
DA:8,1
DA:9,1
DA:10,1
DA:11,1
DA:12,1
DA:13,1
DA:14,1
DA:15,1
DA:16,1
DA:17,1
DA:18,1
DA:19,1
DA:20,1
DA:21,1
DA:22,1
DA:23,1
DA:24,1
DA:25,1
DA:26,1
DA:27,1
DA:28,1
DA:29,1
DA:30,1
DA:31,1
DA:32,1
DA:33,1
DA:34,1
DA:35,1
DA:36,1
DA:37,1
DA:38,1
DA:39,1
DA:40,1
DA:41,1
DA:42,1
DA:43,1
DA:44,1
DA:45,1
DA:46,1
DA:47,1
DA:48,1
DA:49,1
DA:50,1
DA:51,1
DA:52,1
DA:53,1
DA:54,1
DA:55,1
DA:56,1
DA:57,1
DA:58,1
DA:59,1
DA:60,1
DA:61,1
DA:62,1
DA:63,1
DA:64,1
DA:65,1
DA:66,1
DA:67,1
DA:68,1
DA:69,1
DA:70,1
DA:71,1
DA:72,1
DA:73,1
DA:74,1
DA:75,1
DA:76,1
DA:77,1
DA:78,1
DA:79,1
DA:80,1
DA:81,1
DA:82,1
DA:83,1
DA:84,1
DA:85,1
DA:86,1
DA:87,1
DA:88,1
DA:89,1
DA:90,1
DA:91,1
DA:92,1
DA:93,1
DA:94,1
DA:95,1
DA:96,1
DA:97,1
DA:98,1
DA:99,1
DA:100,1
DA:101,1
DA:102,1
DA:103,1
DA:104,1
DA:105,1
DA:106,1
DA:107,1
DA:108,1
DA:109,1
DA:110,1
DA:111,5
DA:112,5
DA:113,5
DA:114,1
DA:115,1
DA:116,1
DA:117,1
DA:118,1
DA:119,1
DA:120,1
DA:121,1
LF:121
LH:121
BRDA:1,0,0,1
BRDA:7,1,0,1
BRDA:8,2,0,1
BRDA:9,3,0,1
BRDA:11,4,0,1
BRDA:13,5,0,1
BRDA:15,6,0,1
BRDA:18,7,0,1
BRDA:20,8,0,1
BRDA:21,9,0,1
BRDA:45,10,0,1
BRDA:46,11,0,1
BRDA:48,12,0,1
BRDA:50,13,0,1
BRDA:62,14,0,1
BRDA:71,15,0,1
BRDA:74,16,0,1
BRDA:80,17,0,1
BRDA:95,18,0,1
BRDA:101,19,0,1
BRDA:110,20,0,5
BRDA:116,21,0,1
BRF:22
BRH:22
end_of_record
TN:
SF:tests/core/telegram-ux.test.mjs
FNF:0
FNH:0
DA:1,1
DA:2,1
DA:3,1
DA:4,1
DA:5,1
DA:6,1
DA:7,1
DA:8,1
DA:9,1
DA:10,1
DA:11,1
DA:12,1
DA:13,1
DA:14,1
DA:15,1
DA:16,1
DA:17,1
DA:18,1
DA:19,1
DA:20,1
DA:21,1
DA:22,1
DA:23,1
DA:24,1
DA:25,1
DA:26,1
DA:27,1
DA:28,1
DA:29,1
DA:30,1
DA:31,1
DA:32,1
DA:33,1
DA:34,1
DA:35,1
DA:36,1
DA:37,1
DA:38,1
DA:39,1
DA:40,1
DA:41,1
DA:42,1
DA:43,1
DA:44,1
DA:45,1
DA:46,1
DA:47,1
DA:48,1
DA:49,1
DA:50,1
DA:51,1
DA:52,1
DA:53,1
DA:54,1
DA:55,1
DA:56,1
DA:57,1
DA:58,1
DA:59,1
DA:60,1
DA:61,1
DA:62,1
DA:63,1
DA:64,1
DA:65,1
DA:66,1
DA:67,1
DA:68,1
DA:69,1
DA:70,1
DA:71,1
DA:72,1
DA:73,1
LF:73
LH:73
BRDA:1,0,0,1
BRDA:5,1,0,1
BRDA:11,2,0,1
BRDA:22,3,0,1
BRDA:32,4,0,1
BRDA:43,5,0,1
BRDA:58,6,0,1
BRDA:65,7,0,1
BRF:8
BRH:8
end_of_record
TN:
SF:tests/core/time-presentation.test.mjs
FNF:0
FNH:0
DA:1,1
DA:2,1
DA:3,1
DA:4,1
DA:5,1
DA:6,1
DA:7,1
DA:8,1
DA:9,1
DA:10,1
DA:11,1
DA:12,1
DA:13,1
DA:14,1
DA:15,1
DA:16,1
DA:17,1
DA:18,1
DA:19,1
DA:20,1
DA:21,1
DA:22,1
DA:23,1
DA:24,1
DA:25,1
DA:26,1
DA:27,1
DA:28,1
DA:29,1
DA:30,1
DA:31,1
DA:32,1
DA:33,1
DA:34,1
DA:35,1
DA:36,1
DA:37,1
DA:38,1
DA:39,1
DA:40,1
DA:41,1
DA:42,1
DA:43,1
DA:44,1
DA:45,1
DA:46,1
DA:47,1
DA:48,1
DA:49,1
DA:50,1
DA:51,1
DA:52,1
DA:53,1
DA:54,1
DA:55,1
DA:56,1
DA:57,1
LF:57
LH:57
BRDA:1,0,0,1
BRDA:7,1,0,1
BRDA:18,2,0,1
BRDA:22,3,0,1
BRDA:33,4,0,1
BRDA:40,5,0,1
BRDA:45,6,0,1
BRF:7
BRH:7
end_of_record
TN:
SF:tests/core/timezone.test.mjs
FNF:0
FNH:0
DA:1,1
DA:2,1
DA:3,1
DA:4,1
DA:5,1
DA:6,1
DA:7,1
DA:8,1
DA:9,1
DA:10,1
DA:11,1
DA:12,1
DA:13,1
DA:14,1
DA:15,1
DA:16,1
DA:17,1
DA:18,1
DA:19,1
DA:20,1
DA:21,1
DA:22,1
DA:23,1
DA:24,1
DA:25,1
DA:26,1
DA:27,1
LF:27
LH:27
BRDA:1,0,0,1
BRDA:5,1,0,1
BRDA:12,2,0,1
BRDA:19,3,0,1
BRDA:24,4,0,1
BRF:5
BRH:5
end_of_record
TN:
SF:tests/core/turn-context.test.mjs
FN:11,task
FN:33,occurrence
FN:70,compose
FN:217,item
FNF:4
FNH:4
FNDA:230,task
FNDA:231,occurrence
FNDA:6,compose
FNDA:10,item
DA:1,1
DA:2,1
DA:3,1
DA:4,1
DA:5,1
DA:6,1
DA:7,1
DA:8,1
DA:9,1
DA:10,1
DA:11,1
DA:12,230
DA:13,230
DA:14,230
DA:15,230
DA:16,230
DA:17,230
DA:18,230
DA:19,230
DA:20,230
DA:21,230
DA:22,230
DA:23,230
DA:24,230
DA:25,230
DA:26,230
DA:27,230
DA:28,230
DA:29,230
DA:30,230
DA:31,230
DA:32,1
DA:33,1
DA:34,231
DA:35,231
DA:36,231
DA:37,231
DA:38,231
DA:39,231
DA:40,231
DA:41,231
DA:42,231
DA:43,231
DA:44,231
DA:45,1
DA:46,1
DA:47,1
DA:48,1
DA:49,1
DA:50,1
DA:51,1
DA:52,1
DA:53,1
DA:54,1
DA:55,1
DA:56,1
DA:57,1
DA:58,1
DA:59,1
DA:60,1
DA:61,1
DA:62,1
DA:63,1
DA:64,1
DA:65,1
DA:66,1
DA:67,1
DA:68,1
DA:69,1
DA:70,1
DA:71,6
DA:72,6
DA:73,6
DA:74,6
DA:75,6
DA:76,6
DA:77,6
DA:78,6
DA:79,6
DA:80,6
DA:81,6
DA:82,6
DA:83,6
DA:84,6
DA:85,1
DA:86,1
DA:87,1
DA:88,1
DA:89,1
DA:90,1
DA:91,120
DA:92,120
DA:93,120
DA:94,120
DA:95,120
DA:96,1
DA:97,1
DA:98,1
DA:99,1
DA:100,1
DA:101,1
DA:102,1
DA:103,1
DA:104,1
DA:105,1
DA:106,1
DA:107,1
DA:108,1
DA:109,1
DA:110,1
DA:111,1
DA:112,1
DA:113,1
DA:114,1
DA:115,1
DA:116,1
DA:117,1
DA:118,1
DA:119,1
DA:120,1
DA:121,1
DA:122,1
DA:123,1
DA:124,1
DA:125,1
DA:126,1
DA:127,1
DA:128,1
DA:129,1
DA:130,1
DA:131,1
DA:132,1
DA:133,1
DA:134,1
DA:135,1
DA:136,1
DA:137,1
DA:138,1
DA:139,1
DA:140,1
DA:141,1
DA:142,1
DA:143,1
DA:144,1
DA:145,1
DA:146,1
DA:147,1
DA:148,1
DA:149,1
DA:150,1
DA:151,1
DA:152,1
DA:153,1
DA:154,1
DA:155,1
DA:156,1
DA:157,1
DA:158,1
DA:159,1
DA:160,1
DA:161,1
DA:162,1
DA:163,1
DA:164,1
DA:165,1
DA:166,1
DA:167,1
DA:168,1
DA:169,1
DA:170,1
DA:171,1
DA:172,1
DA:173,1
DA:174,1
DA:175,1
DA:176,1
DA:177,1
DA:178,1
DA:179,1
DA:180,1
DA:181,1
DA:182,1
DA:183,1
DA:184,1
DA:185,1
DA:186,1
DA:187,1
DA:188,1
DA:189,1
DA:190,1
DA:191,1
DA:192,1
DA:193,1
DA:194,1
DA:195,1
DA:196,1
DA:197,1
DA:198,1
DA:199,1
DA:200,1
DA:201,1
DA:202,1
DA:203,1
DA:204,1
DA:205,1
DA:206,1
DA:207,1
DA:208,1
DA:209,1
DA:210,1
DA:211,1
DA:212,1
DA:213,1
DA:214,1
DA:215,1
DA:216,1
DA:217,1
DA:218,1
DA:219,1
DA:220,1
DA:221,1
DA:222,1
DA:223,1
DA:224,1
DA:225,1
DA:226,1
DA:227,1
DA:228,1
DA:229,1
DA:230,1
DA:231,1
DA:232,1
DA:233,1
DA:234,1
DA:235,1
DA:236,1
DA:237,1
DA:238,1
DA:239,1
DA:240,1
DA:241,1
DA:242,1
DA:243,1
DA:244,1
DA:245,1
DA:246,1
DA:247,1
DA:248,1
DA:249,1
DA:250,1
DA:251,1
DA:252,1
DA:253,1
DA:254,1
DA:255,1
DA:256,1
DA:257,1
DA:258,1
DA:259,1
DA:260,1
DA:261,1
DA:262,1
DA:263,1
DA:264,1
DA:265,1
DA:266,1
DA:267,1
DA:268,1
DA:269,1
DA:270,1
DA:271,1
DA:272,1
DA:273,1
DA:274,1
DA:275,1
DA:276,1
DA:277,1
DA:278,1
DA:279,1
DA:280,1
DA:281,1
DA:282,1
DA:283,1
DA:284,1
DA:285,1
DA:286,1
DA:287,1
DA:288,1
DA:289,1
DA:290,1
DA:291,1
DA:292,1
DA:293,1
DA:294,1
DA:295,1
DA:296,1
DA:297,1
DA:298,1
DA:299,1
DA:300,1
DA:301,1
DA:302,1
DA:303,1
DA:304,1
DA:305,1
DA:306,1
DA:307,1
DA:308,1
DA:309,1
DA:310,1
DA:311,1
DA:312,50
DA:313,50
DA:314,50
DA:315,50
DA:316,50
DA:317,50
DA:318,1
DA:319,1
DA:320,1
DA:321,1
DA:322,1
DA:323,1
DA:324,1
DA:325,1
DA:326,1
DA:327,1
DA:328,1
DA:329,1
DA:330,1
DA:331,1
DA:332,1
DA:333,1
DA:334,1
DA:335,1
DA:336,1
DA:337,1
DA:338,1
DA:339,1
DA:340,1
DA:341,1
DA:342,1
DA:343,1
DA:344,1
DA:345,1
DA:346,1
DA:347,1
LF:347
LH:347
BRDA:1,0,0,1
BRDA:11,1,0,230
BRDA:33,2,0,231
BRDA:70,3,0,6
BRDA:87,4,0,1
BRDA:90,5,0,120
BRDA:112,6,0,1
BRDA:122,7,0,4
BRDA:129,8,0,4
BRDA:134,9,0,1
BRDA:180,10,0,1
BRDA:194,11,0,4
BRDA:201,12,0,2
BRDA:204,13,0,1
BRDA:212,14,0,4
BRDA:216,15,0,1
BRDA:217,16,0,10
BRDA:220,17,0,6
BRDA:223,18,0,6
BRDA:232,19,0,1
BRDA:285,20,0,1
BRDA:298,21,0,10
BRDA:302,22,0,1
BRDA:307,23,0,1
BRDA:311,24,0,50
BRDA:321,25,0,40
BRDA:325,26,0,10
BRDA:331,27,0,1
BRDA:332,28,0,60
BRDA:337,29,0,30
BRDA:343,30,0,30
BRF:31
BRH:31
end_of_record
TN:
SF:tests/core/voice-policy.test.mjs
FNF:0
FNH:0
DA:1,1
DA:2,1
DA:3,1
DA:4,1
DA:5,1
DA:6,1
DA:7,1
DA:8,1
DA:9,1
DA:10,1
DA:11,1
DA:12,1
DA:13,1
DA:14,1
DA:15,1
DA:16,1
DA:17,1
DA:18,1
DA:19,1
DA:20,1
LF:20
LH:20
BRDA:1,0,0,1
BRDA:6,1,0,1
BRDA:12,2,0,1
BRDA:17,3,0,1
BRF:4
BRH:4
end_of_record
TN:
SF:tests/core/weekly-review-policy.test.mjs
FNF:0
FNH:0
DA:1,1
DA:2,1
DA:3,1
DA:4,1
DA:5,1
DA:6,1
DA:7,1
DA:8,1
DA:9,1
DA:10,1
DA:11,1
DA:12,1
DA:13,1
DA:14,1
DA:15,1
DA:16,1
DA:17,1
DA:18,1
DA:19,1
DA:20,1
DA:21,1
DA:22,1
DA:23,1
DA:24,1
DA:25,1
DA:26,1
DA:27,1
DA:28,1
DA:29,1
DA:30,1
DA:31,1
DA:32,1
DA:33,1
DA:34,1
DA:35,1
DA:36,1
DA:37,1
DA:38,1
DA:39,1
DA:40,1
DA:41,1
DA:42,1
DA:43,1
DA:44,1
DA:45,1
DA:46,1
DA:47,1
DA:48,1
DA:49,1
DA:50,1
DA:51,1
LF:51
LH:51
BRDA:1,0,0,1
BRDA:5,1,0,1
BRDA:12,2,0,1
BRDA:22,3,0,1
BRDA:26,4,0,1
BRDA:30,5,0,1
BRDA:42,6,0,1
BRDA:46,7,0,1
BRF:8
BRH:8
end_of_record
TN:
SF:tests/core/weekly-review-state.test.mjs
FN:12,dimension
FNF:1
FNH:1
FNDA:1,dimension
DA:1,1
DA:2,1
DA:3,1
DA:4,1
DA:5,1
DA:6,1
DA:7,1
DA:8,1
DA:9,1
DA:10,1
DA:11,1
DA:12,1
DA:13,1
DA:14,1
DA:15,1
DA:16,1
DA:17,1
DA:18,1
DA:19,1
DA:20,1
DA:21,1
DA:22,1
DA:23,1
DA:24,1
DA:25,1
DA:26,1
DA:27,1
DA:28,1
DA:29,1
DA:30,1
DA:31,1
DA:32,1
DA:33,1
DA:34,1
DA:35,1
DA:36,1
DA:37,1
DA:38,1
DA:39,1
DA:40,1
DA:41,1
DA:42,1
DA:43,1
DA:44,1
DA:45,1
DA:46,1
DA:47,1
DA:48,1
DA:49,1
DA:50,1
DA:51,1
DA:52,1
DA:53,1
DA:54,1
DA:55,1
DA:56,1
LF:56
LH:56
BRDA:1,0,0,1
BRDA:12,1,0,1
BRDA:14,2,0,1
BRDA:27,3,0,1
BRDA:30,4,0,1
BRDA:37,5,0,1
BRDA:43,6,0,1
BRDA:48,7,0,1
BRF:8
BRH:8
end_of_record
